[I 230118 17:11:26 run_worldModel_ensemble:312] {
      "env": "KuaiRand-v0",
      "resume": false,
      "optimizer": "adam",
      "seed": 0,
      "bpr_weight": 0.5,
      "neg_K": 5,
      "n_models": 1,
      "is_softmax": false,
      "num_trajectory": 200,
      "force_length": 10,
      "top_rate": 0.8,
      "deterministic": true,
      "loss": "pointneg",
      "rankingK": [
        20,
        10,
        5
      ],
      "max_turn": 30,
      "is_all_item_ranking": false,
      "l2_reg_dnn": 0.1,
      "lambda_ab": 10,
      "epsilon": 0.3,
      "is_ucb": false,
      "dnn_activation": "relu",
      "feature_dim": 4,
      "entity_dim": 4,
      "user_model_name": "EpsilonGreedy",
      "dnn": [
        128,
        128
      ],
      "dnn_var": [],
      "batch_size": 4096,
      "epoch": 3,
      "cuda": 6,
      "tau": 0,
      "is_ab": false,
      "message": "epsilon-greedy-leave4",
      "all_item_ranking": false,
      "yfeat": "is_click",
      "leave_threshold": 0.0,
      "num_leave_compute": 4,
      "is_userinfo": false,
      "is_binarize": true,
      "need_transform": false,
      "entropy_window": [
        1,
        2
      ],
      "rating_threshold": 1
    }
[I 230118 17:17:24 utils:50] Epoch: [-1], Info: [{'MAE': 0.49171014775322536, 'MSE': 0.24187398797635934, 'RMSE': 0.4918068604405182, 'Recall@20': 0.6845512059842538, 'Recall@10': 0.44043876560878775, 'Recall@5': 0.21616199296763636, 'Precision@20': 0.20088679537979806, 'Precision@10': 0.1982546974890007, 'Precision@5': 0.1965609275869613, 'NDCG@20': 0.40903563762337664, 'NDCG@10': 0.32172746677525, 'NDCG@5': 0.24153529709288515, 'HT@20': 0.9498577991686721, 'HT@10': 0.8255523955370816, 'HT@5': 0.608313279369941, 'MAP@20': 0.22955492867902644, 'MAP@10': 0.17547792862229147, 'MAP@5': 0.11679583130236534, 'MRR@20': 0.37932544084458764, 'MRR@10': 0.37023578599381907, 'MRR@5': 0.3410231167505079, 'click_loss': 0.2848734864547073, 'CV': '0.02361', 'CV_turn': '0.32136', 'ctr': 0.2051627629200796, 'len_tra': 2.785, 'R_tra': 0.5713782947324216, 'ifeat_feat': 0.9192100538599641, 'NX_0_click_loss': 0.2505434995421238, 'NX_0_CV': '0.02189', 'NX_0_CV_turn': '0.30798', 'NX_0_ctr': 0.24289961515127548, 'NX_0_len_tra': 2.695, 'NX_0_R_tra': 0.6546144628326874, 'NX_0_ifeat_feat': 0.9072356215213359, 'NX_10_click_loss': array([0.28517983]), 'NX_10_CV': '0.07451', 'NX_10_CV_turn': '0.28250', 'NX_10_ctr': array([0.21262842]), 'NX_10_len_tra': 10.0, 'NX_10_R_tra': array([2.12628419]), 'NX_10_ifeat_feat': 0.8415}]
[I 230118 17:26:49 utils:50] Epoch: [0], Info: [{'loss': 0.272568446906121, 'MAE': 0.23850189226954374, 'MSE': 0.14921723000628995, 'RMSE': 0.3862864610703952, 'Recall@20': 0.73148233646995, 'Recall@10': 0.5164357313010001, 'Recall@5': 0.29748995564175323, 'Precision@20': 0.22974331646812385, 'Precision@10': 0.25447920464765794, 'Precision@5': 0.28431634215707724, 'NDCG@20': 0.49746474952097364, 'NDCG@10': 0.4274778730209728, 'NDCG@5': 0.3612986113201018, 'HT@20': 0.9699846860643185, 'HT@10': 0.8899146795012033, 'HT@5': 0.740713191861737, 'MAP@20': 0.307075298760211, 'MAP@10': 0.25197153219843055, 'MAP@5': 0.1844537225436592, 'MRR@20': 0.5144672132060368, 'MRR@10': 0.5085876974577634, 'MRR@5': 0.48841755997959435, 'click_loss': 0.14428973802891057, 'CV': '0.02347', 'CV_turn': '0.31010', 'ctr': 0.4635269983472036, 'len_tra': 2.87, 'R_tra': 1.3303224852564746, 'ifeat_feat': 0.872822299651568, 'NX_0_click_loss': 0.14332399114278987, 'NX_0_CV': '0.03297', 'NX_0_CV_turn': '0.33069', 'NX_0_ctr': 0.4752908128223791, 'NX_0_len_tra': 3.78, 'NX_0_R_tra': 1.796599272468593, 'NX_0_ifeat_feat': 0.8690476190476191, 'NX_10_click_loss': array([0.13370605]), 'NX_10_CV': '0.08137', 'NX_10_CV_turn': '0.30850', 'NX_10_ctr': array([0.4447727]), 'NX_10_len_tra': 10.0, 'NX_10_R_tra': array([4.44772698]), 'NX_10_ifeat_feat': 0.8055}]
[I 230118 17:36:15 utils:50] Epoch: [1], Info: [{'loss': 0.26284886906950466, 'MAE': 0.2409394633376455, 'MSE': 0.14964519233058768, 'RMSE': 0.3868400086994463, 'Recall@20': 0.7342198725179829, 'Recall@10': 0.5190394315536366, 'Recall@5': 0.30174381567580916, 'Precision@20': 0.23058995834079943, 'Precision@10': 0.25564354991613797, 'Precision@5': 0.28795668343907244, 'NDCG@20': 0.5003539869218423, 'NDCG@10': 0.43035176001143705, 'NDCG@5': 0.3656804461439543, 'HT@20': 0.971034784511048, 'HT@10': 0.8929774666374972, 'HT@5': 0.7470575366440604, 'MAP@20': 0.30939047744591147, 'MAP@10': 0.2540143872320791, 'MAP@5': 0.18680489404541953, 'MRR@20': 0.5180785513623345, 'MRR@10': 0.5123407576404898, 'MRR@5': 0.4925902428352789, 'click_loss': 0.14419412991861585, 'CV': '0.02519', 'CV_turn': '0.32101', 'ctr': 0.48510338921381646, 'len_tra': 2.975, 'R_tra': 1.443182582911104, 'ifeat_feat': 0.32605042016806723, 'NX_0_click_loss': 0.13442972926722857, 'NX_0_CV': '0.04602', 'NX_0_CV_turn': '0.30374', 'NX_0_ctr': 0.48614664144612996, 'NX_0_len_tra': 5.745, 'NX_0_R_tra': 2.792912455108017, 'NX_0_ifeat_feat': 0.7380330722367275, 'NX_10_click_loss': array([0.13865758]), 'NX_10_CV': '0.07965', 'NX_10_CV_turn': '0.30200', 'NX_10_ctr': array([0.47556387]), 'NX_10_len_tra': 10.0, 'NX_10_R_tra': array([4.75563867]), 'NX_10_ifeat_feat': 0.81}]
[I 230118 17:43:15 utils:50] Epoch: [2], Info: [{'loss': 0.2566953321966417, 'MAE': 0.22608798552347634, 'MSE': 0.15398671114891496, 'RMSE': 0.39241140547761216, 'Recall@20': 0.7420383123880239, 'Recall@10': 0.5313826775402247, 'Recall@5': 0.3145004866187846, 'Precision@20': 0.23370110527398227, 'Precision@10': 0.26082354942998126, 'Precision@5': 0.29429227740100633, 'NDCG@20': 0.5107961091332791, 'NDCG@10': 0.4421665582584384, 'NDCG@5': 0.3770964309742672, 'HT@20': 0.9733099978122949, 'HT@10': 0.9018157952308029, 'HT@5': 0.759746226208707, 'MAP@20': 0.3194341167337632, 'MAP@10': 0.2638448578599909, 'MAP@5': 0.19548948386474777, 'MRR@20': 0.5281475814006057, 'MRR@10': 0.5228875276501775, 'MRR@5': 0.5035586669583755, 'click_loss': 0.15958177606105334, 'CV': '0.02466', 'CV_turn': '0.33694', 'ctr': 0.4471368544575599, 'len_tra': 2.775, 'R_tra': 1.2408047711197288, 'ifeat_feat': 0.872072072072072, 'NX_0_click_loss': 0.14635339305914263, 'NX_0_CV': '0.03402', 'NX_0_CV_turn': '0.34631', 'NX_0_ctr': 0.43771592242355717, 'NX_0_len_tra': 3.725, 'NX_0_R_tra': 1.6304918110277504, 'NX_0_ifeat_feat': 0.8416107382550335, 'NX_10_click_loss': array([0.14651032]), 'NX_10_CV': '0.08690', 'NX_10_CV_turn': '0.32950', 'NX_10_ctr': array([0.42586919]), 'NX_10_len_tra': 10.0, 'NX_10_R_tra': array([4.25869189]), 'NX_10_ifeat_feat': 0.823}]
[I 230118 17:43:15 user_model_ensemble:83] 
    
[I 230118 17:43:15 user_model_ensemble:86] ============ Summarized results =============
[I 230118 17:43:15 user_model_ensemble:88] {}
