[I 230118 17:11:26 run_worldModel_ensemble:312] {
      "env": "KuaiRand-v0",
      "resume": false,
      "optimizer": "adam",
      "seed": 0,
      "bpr_weight": 0.5,
      "neg_K": 5,
      "n_models": 1,
      "is_softmax": false,
      "num_trajectory": 200,
      "force_length": 10,
      "top_rate": 0.8,
      "deterministic": true,
      "loss": "pointneg",
      "rankingK": [
        20,
        10,
        5
      ],
      "max_turn": 30,
      "is_all_item_ranking": false,
      "l2_reg_dnn": 0.1,
      "lambda_ab": 10,
      "epsilon": 0.3,
      "is_ucb": false,
      "dnn_activation": "relu",
      "feature_dim": 4,
      "entity_dim": 4,
      "user_model_name": "EpsilonGreedy",
      "dnn": [
        128,
        128
      ],
      "dnn_var": [],
      "batch_size": 4096,
      "epoch": 3,
      "cuda": 5,
      "tau": 0,
      "is_ab": false,
      "message": "epsilon-greedy-leave5",
      "all_item_ranking": false,
      "yfeat": "is_click",
      "leave_threshold": 0.0,
      "num_leave_compute": 5,
      "is_userinfo": false,
      "is_binarize": true,
      "need_transform": false,
      "entropy_window": [
        1,
        2
      ],
      "rating_threshold": 1
    }
[I 230118 17:18:41 utils:50] Epoch: [-1], Info: [{'MAE': 0.49171014775322536, 'MSE': 0.24187398797635934, 'RMSE': 0.4918068604405182, 'Recall@20': 0.6845512059842538, 'Recall@10': 0.44043876560878775, 'Recall@5': 0.21616199296763636, 'Precision@20': 0.20088679537979806, 'Precision@10': 0.1982546974890007, 'Precision@5': 0.1965609275869613, 'NDCG@20': 0.40903563762337664, 'NDCG@10': 0.32172746677525, 'NDCG@5': 0.24153529709288515, 'HT@20': 0.9498577991686721, 'HT@10': 0.8255523955370816, 'HT@5': 0.608313279369941, 'MAP@20': 0.22955492867902644, 'MAP@10': 0.17547792862229147, 'MAP@5': 0.11679583130236534, 'MRR@20': 0.37932544084458764, 'MRR@10': 0.37023578599381907, 'MRR@5': 0.3410231167505079, 'click_loss': 0.2792032246747495, 'CV': '0.02374', 'CV_turn': '0.31579', 'ctr': 0.20992343852280132, 'len_tra': 2.85, 'R_tra': 0.5982817997899837, 'ifeat_feat': 0.9192982456140351, 'NX_0_click_loss': 0.2516007452237702, 'NX_0_CV': '0.02255', 'NX_0_CV_turn': '0.31376', 'NX_0_ctr': 0.24389052906526476, 'NX_0_len_tra': 2.725, 'NX_0_R_tra': 0.6646016917028464, 'NX_0_ifeat_feat': 0.9009174311926605, 'NX_10_click_loss': array([0.28902323]), 'NX_10_CV': '0.07490', 'NX_10_CV_turn': '0.28400', 'NX_10_ctr': array([0.20825563]), 'NX_10_len_tra': 10.0, 'NX_10_R_tra': array([2.08255631]), 'NX_10_ifeat_feat': 0.833}]
[I 230118 17:28:56 utils:50] Epoch: [0], Info: [{'loss': 0.2723112738531376, 'MAE': 0.23956125183295504, 'MSE': 0.1494848972418576, 'RMSE': 0.38663276793600615, 'Recall@20': 0.7318434747670741, 'Recall@10': 0.5177971554809152, 'Recall@5': 0.29942010763055343, 'Precision@20': 0.22995091816762525, 'Precision@10': 0.25485597608109095, 'Precision@5': 0.28595055786479984, 'NDCG@20': 0.49800955314655376, 'NDCG@10': 0.4282188820928375, 'NDCG@5': 0.36260892215826723, 'HT@20': 0.9693721286370597, 'HT@10': 0.8907460074381973, 'HT@5': 0.7423758477357252, 'MAP@20': 0.30769865158326776, 'MAP@10': 0.252558435573462, 'MAP@5': 0.18528248332786346, 'MRR@20': 0.5141429146295616, 'MRR@10': 0.5083404694190214, 'MRR@5': 0.48827535914826514, 'click_loss': 0.145935548018583, 'CV': '0.02413', 'CV_turn': '0.30653', 'ctr': 0.5063168900617877, 'len_tra': 2.985, 'R_tra': 1.5113559168344364, 'ifeat_feat': 0.22613065326633167, 'NX_0_click_loss': 0.13862862206403878, 'NX_0_CV': '0.05130', 'NX_0_CV_turn': '0.32175', 'NX_0_ctr': 0.4728940257770252, 'NX_0_len_tra': 6.045, 'NX_0_R_tra': 2.8586443858221173, 'NX_0_ifeat_feat': 0.7311827956989247, 'NX_10_click_loss': array([0.13090591]), 'NX_10_CV': '0.08268', 'NX_10_CV_turn': '0.31350', 'NX_10_ctr': array([0.46499975]), 'NX_10_len_tra': 10.0, 'NX_10_R_tra': array([4.64999751]), 'NX_10_ifeat_feat': 0.7995}]
[I 230118 17:38:35 utils:50] Epoch: [1], Info: [{'loss': 0.2601342453860761, 'MAE': 0.22882924559224113, 'MSE': 0.15277887446341148, 'RMSE': 0.3908693828677446, 'Recall@20': 0.7385417738945553, 'Recall@10': 0.5257181846184545, 'Recall@5': 0.308008062907011, 'Precision@20': 0.23171858388628638, 'Precision@10': 0.25804953936653785, 'Precision@5': 0.29022314591993004, 'NDCG@20': 0.5056575808378081, 'NDCG@10': 0.43645454494089175, 'NDCG@5': 0.37101344421769816, 'HT@20': 0.9737912929337126, 'HT@10': 0.8967840735068913, 'HT@5': 0.7535331437322249, 'MAP@20': 0.31444117529042076, 'MAP@10': 0.2592479842130347, 'MAP@5': 0.19142408359209193, 'MRR@20': 0.5233855294617749, 'MRR@10': 0.5177209842589556, 'MRR@5': 0.4982680667979413, 'click_loss': 0.14259715874757722, 'CV': '0.02110', 'CV_turn': '0.29907', 'ctr': 0.4964244804397295, 'len_tra': 2.675, 'R_tra': 1.3279354851762764, 'ifeat_feat': 0.8542056074766355, 'NX_0_click_loss': 0.13523829893923142, 'NX_0_CV': '0.04062', 'NX_0_CV_turn': '0.31525', 'NX_0_ctr': 0.4614523997796476, 'NX_0_len_tra': 4.885, 'NX_0_R_tra': 2.2541949729235786, 'NX_0_ifeat_feat': 0.7911975435005117, 'NX_10_click_loss': array([0.14718283]), 'NX_10_CV': '0.08268', 'NX_10_CV_turn': '0.31350', 'NX_10_ctr': array([0.45998484]), 'NX_10_len_tra': 10.0, 'NX_10_R_tra': array([4.59984843]), 'NX_10_ifeat_feat': 0.8125}]
[I 230118 17:47:05 utils:50] Epoch: [2], Info: [{'loss': 0.2503380911904798, 'MAE': 0.21983784880696777, 'MSE': 0.15409778280704356, 'RMSE': 0.39255290446899455, 'Recall@20': 0.7430517579279101, 'Recall@10': 0.5319902014012386, 'Recall@5': 0.31478541027366885, 'Precision@20': 0.23405942834045398, 'Precision@10': 0.261269355113153, 'Precision@5': 0.2949048348282652, 'NDCG@20': 0.5124559397155699, 'NDCG@10': 0.44355357328789036, 'NDCG@5': 0.37833782773811225, 'HT@20': 0.9742725880551302, 'HT@10': 0.9014220083132793, 'HT@5': 0.7606213082476482, 'MAP@20': 0.32103627327756035, 'MAP@10': 0.2651837664417469, 'MAP@5': 0.19640317071750507, 'MRR@20': 0.5305742858857689, 'MRR@10': 0.5252069464845835, 'MRR@5': 0.5060643185298783, 'click_loss': 0.14772834075216718, 'CV': '0.02506', 'CV_turn': '0.33217', 'ctr': 0.4536286020021352, 'len_tra': 2.86, 'R_tra': 1.2973778017261066, 'ifeat_feat': 0.6625874125874126, 'NX_0_click_loss': 0.14765537264606352, 'NX_0_CV': '0.04378', 'NX_0_CV_turn': '0.32517', 'NX_0_ctr': 0.4491703585793614, 'NX_0_len_tra': 5.105, 'NX_0_R_tra': 2.29301468054764, 'NX_0_ifeat_feat': 0.7825661116552399, 'NX_10_click_loss': array([0.15360232]), 'NX_10_CV': '0.08559', 'NX_10_CV_turn': '0.32450', 'NX_10_ctr': array([0.42390014]), 'NX_10_len_tra': 10.0, 'NX_10_R_tra': array([4.23900137]), 'NX_10_ifeat_feat': 0.806}]
[I 230118 17:47:05 user_model_ensemble:83] 
    
[I 230118 17:47:05 user_model_ensemble:86] ============ Summarized results =============
[I 230118 17:47:05 user_model_ensemble:88] {}
