[I 230118 17:11:26 run_worldModel_ensemble:312] {
      "env": "KuaiRand-v0",
      "resume": false,
      "optimizer": "adam",
      "seed": 0,
      "bpr_weight": 0.5,
      "neg_K": 5,
      "n_models": 1,
      "is_softmax": false,
      "num_trajectory": 200,
      "force_length": 10,
      "top_rate": 0.8,
      "deterministic": true,
      "loss": "pointneg",
      "rankingK": [
        20,
        10,
        5
      ],
      "max_turn": 30,
      "is_all_item_ranking": false,
      "l2_reg_dnn": 0.1,
      "lambda_ab": 10,
      "epsilon": 0.3,
      "is_ucb": false,
      "dnn_activation": "relu",
      "feature_dim": 4,
      "entity_dim": 4,
      "user_model_name": "EpsilonGreedy",
      "dnn": [
        128,
        128
      ],
      "dnn_var": [],
      "batch_size": 4096,
      "epoch": 3,
      "cuda": 0,
      "tau": 0,
      "is_ab": false,
      "message": "epsilon-greedy-leave10",
      "all_item_ranking": false,
      "yfeat": "is_click",
      "leave_threshold": 0.0,
      "num_leave_compute": 10,
      "is_userinfo": false,
      "is_binarize": true,
      "need_transform": false,
      "entropy_window": [
        1,
        2
      ],
      "rating_threshold": 1
    }
[I 230118 17:17:12 utils:50] Epoch: [-1], Info: [{'MAE': 0.49171014775322536, 'MSE': 0.24187398797635934, 'RMSE': 0.4918068604405182, 'Recall@20': 0.6845512059842538, 'Recall@10': 0.44043876560878775, 'Recall@5': 0.21616199296763636, 'Precision@20': 0.20088679537979806, 'Precision@10': 0.1982546974890007, 'Precision@5': 0.1965609275869613, 'NDCG@20': 0.40903563762337664, 'NDCG@10': 0.32172746677525, 'NDCG@5': 0.24153529709288515, 'HT@20': 0.9498577991686721, 'HT@10': 0.8255523955370816, 'HT@5': 0.608313279369941, 'MAP@20': 0.22955492867902644, 'MAP@10': 0.17547792862229147, 'MAP@5': 0.11679583130236534, 'MRR@20': 0.37932544084458764, 'MRR@10': 0.37023578599381907, 'MRR@5': 0.3410231167505079, 'click_loss': 0.2872034251394362, 'CV': '0.02308', 'CV_turn': '0.32288', 'ctr': 0.20555423870613984, 'len_tra': 2.71, 'R_tra': 0.557051986893639, 'ifeat_feat': 0.9169741697416974, 'NX_0_click_loss': 0.24686312724062998, 'NX_0_CV': '0.02123', 'NX_0_CV_turn': '0.30377', 'NX_0_ctr': 0.24880392193565812, 'NX_0_len_tra': 2.65, 'NX_0_R_tra': 0.659330393129494, 'NX_0_ifeat_feat': 0.9037735849056604, 'NX_10_click_loss': array([0.2855084]), 'NX_10_CV': '0.07398', 'NX_10_CV_turn': '0.28050', 'NX_10_ctr': array([0.21353013]), 'NX_10_len_tra': 10.0, 'NX_10_R_tra': array([2.13530134]), 'NX_10_ifeat_feat': 0.838}]
[I 230118 17:23:28 utils:50] Epoch: [0], Info: [{'loss': 0.27249557960136966, 'MAE': 0.23987045785653613, 'MSE': 0.14906053413641815, 'RMSE': 0.3860835843912794, 'Recall@20': 0.732828441462307, 'Recall@10': 0.5178233391729385, 'Recall@5': 0.30048638342939415, 'Precision@20': 0.230243955508297, 'Precision@10': 0.25514864240744795, 'Precision@5': 0.2857580398162328, 'NDCG@20': 0.4989039040822709, 'NDCG@10': 0.42888235657556506, 'NDCG@5': 0.3632075984864688, 'HT@20': 0.9705534893896303, 'HT@10': 0.8916648435790855, 'HT@5': 0.7430759133668782, 'MAP@20': 0.3084268270838562, 'MAP@10': 0.253288844603585, 'MAP@5': 0.18622921136173737, 'MRR@20': 0.5152934976134118, 'MRR@10': 0.5095134613314601, 'MRR@5': 0.48945599066580425, 'click_loss': 0.15254728750475796, 'CV': '0.02374', 'CV_turn': '0.31524', 'ctr': 0.49919534042590147, 'len_tra': 2.855, 'R_tra': 1.4252026969159488, 'ifeat_feat': 0.29597197898423816, 'NX_0_click_loss': 0.12416664405461016, 'NX_0_CV': '0.04088', 'NX_0_CV_turn': '0.31377', 'NX_0_ctr': 0.48001471946797397, 'NX_0_len_tra': 4.94, 'NX_0_R_tra': 2.3712727141717913, 'NX_0_ifeat_feat': 0.6993927125506073, 'NX_10_click_loss': array([0.13228451]), 'NX_10_CV': '0.08295', 'NX_10_CV_turn': '0.31450', 'NX_10_ctr': array([0.45299138]), 'NX_10_len_tra': 10.0, 'NX_10_R_tra': array([4.52991377]), 'NX_10_ifeat_feat': 0.7955}]
[I 230118 17:29:30 utils:50] Epoch: [1], Info: [{'loss': 0.2626405195843917, 'MAE': 0.2365998679278249, 'MSE': 0.14980729872493267, 'RMSE': 0.38704947839382586, 'Recall@20': 0.735245556782258, 'Recall@10': 0.5211491122641774, 'Recall@5': 0.3024290854117037, 'Precision@20': 0.2309791395633811, 'Precision@10': 0.25657551228761033, 'Precision@5': 0.2884729818420477, 'NDCG@20': 0.5016059756881526, 'NDCG@10': 0.43197145734577785, 'NDCG@5': 0.36645117023553103, 'HT@20': 0.9716910960402537, 'HT@10': 0.8945963684095384, 'HT@5': 0.7461824546051192, 'MAP@20': 0.31078982307365477, 'MAP@10': 0.2554539238962131, 'MAP@5': 0.18791691238451289, 'MRR@20': 0.5188197980056865, 'MRR@10': 0.513140954186693, 'MRR@5': 0.4930671625465024, 'click_loss': 0.13141540230976212, 'CV': '0.02558', 'CV_turn': '0.34215', 'ctr': 0.43824130896564306, 'len_tra': 2.835, 'R_tra': 1.242414110917598, 'ifeat_feat': 0.7971781305114638, 'NX_0_click_loss': 0.1295280281232633, 'NX_0_CV': '0.03363', 'NX_0_CV_turn': '0.29755', 'NX_0_ctr': 0.45831430621353897, 'NX_0_len_tra': 4.285, 'NX_0_R_tra': 1.9638768021250144, 'NX_0_ifeat_feat': 0.7747957992998833, 'NX_10_click_loss': array([0.140378]), 'NX_10_CV': '0.07926', 'NX_10_CV_turn': '0.30050', 'NX_10_ctr': array([0.46329912]), 'NX_10_len_tra': 10.0, 'NX_10_R_tra': array([4.63299121]), 'NX_10_ifeat_feat': 0.8065}]
[I 230118 17:35:45 utils:50] Epoch: [2], Info: [{'loss': 0.25696721197345496, 'MAE': 0.22812927356757978, 'MSE': 0.15297431985467236, 'RMSE': 0.3911193166473274, 'Recall@20': 0.7410457611579618, 'Recall@10': 0.5301777906021771, 'Recall@5': 0.3130935902182894, 'Precision@20': 0.23317559548112338, 'Precision@10': 0.26008410510707597, 'Precision@5': 0.29429227740100633, 'NDCG@20': 0.5086908081109048, 'NDCG@10': 0.44007150327612965, 'NDCG@5': 0.37527054264970783, 'HT@20': 0.9742288339531832, 'HT@10': 0.9015970247210676, 'HT@5': 0.7593961933931306, 'MAP@20': 0.31691948119726904, 'MAP@10': 0.2615312322481582, 'MAP@5': 0.19356117927016947, 'MRR@20': 0.5255064449539654, 'MRR@10': 0.5201918409017698, 'MRR@5': 0.500889666739606, 'click_loss': 0.14746062644949123, 'CV': '0.02374', 'CV_turn': '0.33395', 'ctr': 0.4456182092658014, 'len_tra': 2.695, 'R_tra': 1.2009410739713349, 'ifeat_feat': 0.7439703153988868, 'NX_0_click_loss': 0.14806478853763078, 'NX_0_CV': '0.03468', 'NX_0_CV_turn': '0.33761', 'NX_0_ctr': 0.45436337524283776, 'NX_0_len_tra': 3.895, 'NX_0_R_tra': 1.7697453465708533, 'NX_0_ifeat_feat': 0.7830551989730423, 'NX_10_click_loss': array([0.15002565]), 'NX_10_CV': '0.08348', 'NX_10_CV_turn': '0.31650', 'NX_10_ctr': array([0.41576267]), 'NX_10_len_tra': 10.0, 'NX_10_R_tra': array([4.15762667]), 'NX_10_ifeat_feat': 0.824}]
[I 230118 17:35:45 user_model_ensemble:83] 
    
[I 230118 17:35:45 user_model_ensemble:86] ============ Summarized results =============
[I 230118 17:35:45 user_model_ensemble:88] {}
