[I 230118 17:11:26 run_worldModel_ensemble:312] {
      "env": "KuaiRand-v0",
      "resume": false,
      "optimizer": "adam",
      "seed": 0,
      "bpr_weight": 0.5,
      "neg_K": 5,
      "n_models": 1,
      "is_softmax": false,
      "num_trajectory": 200,
      "force_length": 10,
      "top_rate": 0.8,
      "deterministic": true,
      "loss": "pointneg",
      "rankingK": [
        20,
        10,
        5
      ],
      "max_turn": 30,
      "is_all_item_ranking": false,
      "l2_reg_dnn": 0.1,
      "lambda_ab": 10,
      "epsilon": 0.3,
      "is_ucb": false,
      "dnn_activation": "relu",
      "feature_dim": 4,
      "entity_dim": 4,
      "user_model_name": "EpsilonGreedy",
      "dnn": [
        128,
        128
      ],
      "dnn_var": [],
      "batch_size": 4096,
      "epoch": 3,
      "cuda": 2,
      "tau": 0,
      "is_ab": false,
      "message": "epsilon-greedy-leave8",
      "all_item_ranking": false,
      "yfeat": "is_click",
      "leave_threshold": 0.0,
      "num_leave_compute": 8,
      "is_userinfo": false,
      "is_binarize": true,
      "need_transform": false,
      "entropy_window": [
        1,
        2
      ],
      "rating_threshold": 1
    }
[I 230118 17:17:10 utils:50] Epoch: [-1], Info: [{'MAE': 0.49171014775322536, 'MSE': 0.24187398797635934, 'RMSE': 0.4918068604405182, 'Recall@20': 0.6845512059842538, 'Recall@10': 0.44043876560878775, 'Recall@5': 0.21616199296763636, 'Precision@20': 0.20088679537979806, 'Precision@10': 0.1982546974890007, 'Precision@5': 0.1965609275869613, 'NDCG@20': 0.40903563762337664, 'NDCG@10': 0.32172746677525, 'NDCG@5': 0.24153529709288515, 'HT@20': 0.9498577991686721, 'HT@10': 0.8255523955370816, 'HT@5': 0.608313279369941, 'MAP@20': 0.22955492867902644, 'MAP@10': 0.17547792862229147, 'MAP@5': 0.11679583130236534, 'MRR@20': 0.37932544084458764, 'MRR@10': 0.37023578599381907, 'MRR@5': 0.3410231167505079, 'click_loss': 0.2870715042246279, 'CV': '0.02308', 'CV_turn': '0.32288', 'ctr': 0.20600919854033367, 'len_tra': 2.71, 'R_tra': 0.5582849280443043, 'ifeat_feat': 0.9169741697416974, 'NX_0_click_loss': 0.24795371631691077, 'NX_0_CV': '0.02163', 'NX_0_CV_turn': '0.30540', 'NX_0_ctr': 0.24698199940328547, 'NX_0_len_tra': 2.685, 'NX_0_R_tra': 0.6631466683978214, 'NX_0_ifeat_feat': 0.9031657355679702, 'NX_10_click_loss': array([0.28830542]), 'NX_10_CV': '0.07425', 'NX_10_CV_turn': '0.28150', 'NX_10_ctr': array([0.21148289]), 'NX_10_len_tra': 10.0, 'NX_10_R_tra': array([2.11482892]), 'NX_10_ifeat_feat': 0.8325}]
[I 230118 17:26:03 utils:50] Epoch: [0], Info: [{'loss': 0.2726721914171289, 'MAE': 0.23715198441680005, 'MSE': 0.14926655061580052, 'RMSE': 0.3863502952189897, 'Recall@20': 0.7328720445728805, 'Recall@10': 0.5178919748790606, 'Recall@5': 0.2998559791609977, 'Precision@20': 0.23062484647998346, 'Precision@10': 0.2553542866865991, 'Precision@5': 0.286379348063881, 'NDCG@20': 0.4991999806233225, 'NDCG@10': 0.4291261509685751, 'NDCG@5': 0.3636591422640405, 'HT@20': 0.9700284401662655, 'HT@10': 0.891314810763509, 'HT@5': 0.7434259461824546, 'MAP@20': 0.30841777049512115, 'MAP@10': 0.2532153983943141, 'MAP@5': 0.18586729304844155, 'MRR@20': 0.5162870665565056, 'MRR@10': 0.510512200796618, 'MRR@5': 0.49056661562022663, 'click_loss': 0.1471184857939053, 'CV': '0.02347', 'CV_turn': '0.31900', 'ctr': 0.4786157893045308, 'len_tra': 2.79, 'R_tra': 1.335338052159641, 'ifeat_feat': 0.8673835125448028, 'NX_0_click_loss': 0.14637755235721528, 'NX_0_CV': '0.03376', 'NX_0_CV_turn': '0.32201', 'NX_0_ctr': 0.47187519170338016, 'NX_0_len_tra': 3.975, 'NX_0_R_tra': 1.8757038870209362, 'NX_0_ifeat_feat': 0.7635220125786164, 'NX_10_click_loss': array([0.13561198]), 'NX_10_CV': '0.08321', 'NX_10_CV_turn': '0.31550', 'NX_10_ctr': array([0.44035839]), 'NX_10_len_tra': 10.0, 'NX_10_R_tra': array([4.40358389]), 'NX_10_ifeat_feat': 0.7935}]
[I 230118 17:34:18 utils:50] Epoch: [1], Info: [{'loss': 0.26289694409139125, 'MAE': 0.2353375931384659, 'MSE': 0.14861207660036863, 'RMSE': 0.385502369124197, 'Recall@20': 0.7365774580878026, 'Recall@10': 0.5234314949201665, 'Recall@5': 0.30311337783219383, 'Precision@20': 0.23151063675966432, 'Precision@10': 0.2574155910449938, 'Precision@5': 0.28897177860424417, 'NDCG@20': 0.5024342846264388, 'NDCG@10': 0.4331492783330959, 'NDCG@5': 0.3670988604306222, 'HT@20': 0.971822358346095, 'HT@10': 0.8959089914679501, 'HT@5': 0.7485889302122074, 'MAP@20': 0.31119073047498874, 'MAP@10': 0.25579175485023015, 'MAP@5': 0.1877408782493307, 'MRR@20': 0.5198265481462724, 'MRR@10': 0.5142547738850692, 'MRR@5': 0.4942623787646895, 'click_loss': 0.13827172739476692, 'CV': '0.02426', 'CV_turn': '0.32056', 'ctr': 0.4943364840163119, 'len_tra': 2.87, 'R_tra': 1.4187457091268152, 'ifeat_feat': 0.32578397212543553, 'NX_0_click_loss': 0.1342072834037537, 'NX_0_CV': '0.04141', 'NX_0_CV_turn': '0.30845', 'NX_0_ctr': 0.45772762634024783, 'NX_0_len_tra': 5.09, 'NX_0_R_tra': 2.3298336180718615, 'NX_0_ifeat_feat': 0.7131630648330058, 'NX_10_click_loss': array([0.13873323]), 'NX_10_CV': '0.07992', 'NX_10_CV_turn': '0.30300', 'NX_10_ctr': array([0.45868646]), 'NX_10_len_tra': 10.0, 'NX_10_R_tra': array([4.58686461]), 'NX_10_ifeat_feat': 0.8085}]
[I 230118 17:41:28 utils:50] Epoch: [2], Info: [{'loss': 0.25658451382232106, 'MAE': 0.22825256206271483, 'MSE': 0.15352847682358872, 'RMSE': 0.3918271006752707, 'Recall@20': 0.7446056711918201, 'Recall@10': 0.5314929923583026, 'Recall@5': 0.3136901668639617, 'Precision@20': 0.2341426762765269, 'Precision@10': 0.2611385789640001, 'Precision@5': 0.2936184642310217, 'NDCG@20': 0.5110775359922841, 'NDCG@10': 0.44148804019478977, 'NDCG@5': 0.37515635079112425, 'HT@20': 0.9739225552395537, 'HT@10': 0.9019908116385911, 'HT@5': 0.757339750601619, 'MAP@20': 0.3196754765140927, 'MAP@10': 0.263589685666704, 'MAP@5': 0.19470689645318248, 'MRR@20': 0.5255480054285977, 'MRR@10': 0.5202497629986313, 'MRR@5': 0.5004382702545183, 'click_loss': 0.15037259821973414, 'CV': '0.02321', 'CV_turn': '0.32058', 'ctr': 0.44777279234116385, 'len_tra': 2.745, 'R_tra': 1.2291363149764947, 'ifeat_feat': 0.6265938069216758, 'NX_0_click_loss': 0.14366540681372592, 'NX_0_CV': '0.03666', 'NX_0_CV_turn': '0.34194', 'NX_0_ctr': 0.429444809227742, 'NX_0_len_tra': 4.065, 'NX_0_R_tra': 1.745693149510771, 'NX_0_ifeat_feat': 0.7995079950799509, 'NX_10_click_loss': array([0.1484495]), 'NX_10_CV': '0.08479', 'NX_10_CV_turn': '0.32150', 'NX_10_ctr': array([0.41338607]), 'NX_10_len_tra': 10.0, 'NX_10_R_tra': array([4.13386074]), 'NX_10_ifeat_feat': 0.832}]
[I 230118 17:41:28 user_model_ensemble:83] 
    
[I 230118 17:41:28 user_model_ensemble:86] ============ Summarized results =============
[I 230118 17:41:28 user_model_ensemble:88] {}
