[I 230118 17:11:26 run_worldModel_ensemble:312] {
      "env": "KuaiRand-v0",
      "resume": false,
      "optimizer": "adam",
      "seed": 0,
      "bpr_weight": 0.5,
      "neg_K": 5,
      "n_models": 1,
      "is_softmax": false,
      "num_trajectory": 200,
      "force_length": 10,
      "top_rate": 0.8,
      "deterministic": true,
      "loss": "pointneg",
      "rankingK": [
        20,
        10,
        5
      ],
      "max_turn": 30,
      "is_all_item_ranking": false,
      "l2_reg_dnn": 0.1,
      "lambda_ab": 10,
      "epsilon": 0.3,
      "is_ucb": false,
      "dnn_activation": "relu",
      "feature_dim": 4,
      "entity_dim": 4,
      "user_model_name": "EpsilonGreedy",
      "dnn": [
        128,
        128
      ],
      "dnn_var": [],
      "batch_size": 4096,
      "epoch": 3,
      "cuda": 3,
      "tau": 0,
      "is_ab": false,
      "message": "epsilon-greedy-leave7",
      "all_item_ranking": false,
      "yfeat": "is_click",
      "leave_threshold": 0.0,
      "num_leave_compute": 7,
      "is_userinfo": false,
      "is_binarize": true,
      "need_transform": false,
      "entropy_window": [
        1,
        2
      ],
      "rating_threshold": 1
    }
[I 230118 17:17:13 utils:50] Epoch: [-1], Info: [{'MAE': 0.49171014775322536, 'MSE': 0.24187398797635934, 'RMSE': 0.4918068604405182, 'Recall@20': 0.6845512059842538, 'Recall@10': 0.44043876560878775, 'Recall@5': 0.21616199296763636, 'Precision@20': 0.20088679537979806, 'Precision@10': 0.1982546974890007, 'Precision@5': 0.1965609275869613, 'NDCG@20': 0.40903563762337664, 'NDCG@10': 0.32172746677525, 'NDCG@5': 0.24153529709288515, 'HT@20': 0.9498577991686721, 'HT@10': 0.8255523955370816, 'HT@5': 0.608313279369941, 'MAP@20': 0.22955492867902644, 'MAP@10': 0.17547792862229147, 'MAP@5': 0.11679583130236534, 'MRR@20': 0.37932544084458764, 'MRR@10': 0.37023578599381907, 'MRR@5': 0.3410231167505079, 'click_loss': 0.2806338922331206, 'CV': '0.02308', 'CV_turn': '0.32169', 'ctr': 0.21269689634637495, 'len_tra': 2.72, 'R_tra': 0.5785355580621399, 'ifeat_feat': 0.9172794117647058, 'NX_0_click_loss': 0.24836503401241988, 'NX_0_CV': '0.02163', 'NX_0_CV_turn': '0.30654', 'NX_0_ctr': 0.25084843156232595, 'NX_0_len_tra': 2.675, 'NX_0_R_tra': 0.6710195544292219, 'NX_0_ifeat_feat': 0.9065420560747663, 'NX_10_click_loss': array([0.28830542]), 'NX_10_CV': '0.07425', 'NX_10_CV_turn': '0.28150', 'NX_10_ctr': array([0.21148289]), 'NX_10_len_tra': 10.0, 'NX_10_R_tra': array([2.11482892]), 'NX_10_ifeat_feat': 0.8325}]
[I 230118 17:25:59 utils:50] Epoch: [0], Info: [{'loss': 0.27253642074692686, 'MAE': 0.2393731614862394, 'MSE': 0.14939628607312988, 'RMSE': 0.3865181574947416, 'Recall@20': 0.7330978479166833, 'Recall@10': 0.5176358440807949, 'Recall@5': 0.2998449411173872, 'Precision@20': 0.23056128788978672, 'Precision@10': 0.2550878728214104, 'Precision@5': 0.28619776854080076, 'NDCG@20': 0.49888716371386244, 'NDCG@10': 0.42857445331787064, 'NDCG@5': 0.3631529792831677, 'HT@20': 0.9696784073506891, 'HT@10': 0.8910522861518267, 'HT@5': 0.7429008969590899, 'MAP@20': 0.3081316778150208, 'MAP@10': 0.2527936171377933, 'MAP@5': 0.18556833654296812, 'MRR@20': 0.515637483505678, 'MRR@10': 0.509861688422194, 'MRR@5': 0.48986654998907425, 'click_loss': 0.16405635278421823, 'CV': '0.02268', 'CV_turn': '0.31216', 'ctr': 0.47168614441518775, 'len_tra': 2.755, 'R_tra': 1.2994953278638421, 'ifeat_feat': 0.8747731397459165, 'NX_0_click_loss': 0.1563368927341916, 'NX_0_CV': '0.03152', 'NX_0_CV_turn': '0.32124', 'NX_0_ctr': 0.45612642801647146, 'NX_0_len_tra': 3.72, 'NX_0_R_tra': 1.6967903122212737, 'NX_0_ifeat_feat': 0.7594086021505376, 'NX_10_click_loss': array([0.14198341]), 'NX_10_CV': '0.08400', 'NX_10_CV_turn': '0.31850', 'NX_10_ctr': array([0.43562581]), 'NX_10_len_tra': 10.0, 'NX_10_R_tra': array([4.35625813]), 'NX_10_ifeat_feat': 0.7975}]
[I 230118 17:33:54 utils:50] Epoch: [1], Info: [{'loss': 0.26283592184700855, 'MAE': 0.2385445632616356, 'MSE': 0.1495250981696009, 'RMSE': 0.3866847529572389, 'Recall@20': 0.7343675741971939, 'Recall@10': 0.5202753272026801, 'Recall@5': 0.30390520937348653, 'Precision@20': 0.2307472428230617, 'Precision@10': 0.25592795157879383, 'Precision@5': 0.2876766571866113, 'NDCG@20': 0.5006864016366432, 'NDCG@10': 0.43080122158246925, 'NDCG@5': 0.3658439736357081, 'HT@20': 0.9708597681032597, 'HT@10': 0.8938963027783855, 'HT@5': 0.7479326186830015, 'MAP@20': 0.3099766911599871, 'MAP@10': 0.25460145729854006, 'MAP@5': 0.18742072767821913, 'MRR@20': 0.517022488319922, 'MRR@10': 0.5113345001094018, 'MRR@5': 0.49164588346825505, 'click_loss': 0.1528544000116308, 'CV': '0.02492', 'CV_turn': '0.32474', 'ctr': 0.49150412923838827, 'len_tra': 2.91, 'R_tra': 1.43027701608371, 'ifeat_feat': 0.36082474226804123, 'NX_0_click_loss': 0.14260576199033093, 'NX_0_CV': '0.03706', 'NX_0_CV_turn': '0.30477', 'NX_0_ctr': 0.48563712178335533, 'NX_0_len_tra': 4.61, 'NX_0_R_tra': 2.238787131421268, 'NX_0_ifeat_feat': 0.7331887201735358, 'NX_10_click_loss': array([0.13831344]), 'NX_10_CV': '0.08044', 'NX_10_CV_turn': '0.30500', 'NX_10_ctr': array([0.47733406]), 'NX_10_len_tra': 10.0, 'NX_10_R_tra': array([4.77334061]), 'NX_10_ifeat_feat': 0.81}]
[I 230118 17:41:22 utils:50] Epoch: [2], Info: [{'loss': 0.25735560792730644, 'MAE': 0.23176715452661073, 'MSE': 0.153864573450462, 'RMSE': 0.3922557500540457, 'Recall@20': 0.7422013442417882, 'Recall@10': 0.5301792356974014, 'Recall@5': 0.3154524316596735, 'Precision@20': 0.2337971340135187, 'Precision@10': 0.26112593889010427, 'Precision@5': 0.2956311529205863, 'NDCG@20': 0.5104013901624701, 'NDCG@10': 0.44147415922529143, 'NDCG@5': 0.37734704657053764, 'HT@20': 0.9743163421570772, 'HT@10': 0.9006781885801793, 'HT@5': 0.76119011157296, 'MAP@20': 0.31892588327015886, 'MAP@10': 0.2631891747130821, 'MAP@5': 0.1953692222137955, 'MRR@20': 0.5267690740892688, 'MRR@10': 0.5213323471297843, 'MRR@5': 0.5024735652300898, 'click_loss': 0.14220292965901518, 'CV': '0.02387', 'CV_turn': '0.32379', 'ctr': 0.4584859089004559, 'len_tra': 2.795, 'R_tra': 1.2814681153767742, 'ifeat_feat': 0.8318425760286225, 'NX_0_click_loss': 0.1516729760768278, 'NX_0_CV': '0.04075', 'NX_0_CV_turn': '0.33013', 'NX_0_ctr': 0.45934796762034796, 'NX_0_len_tra': 4.68, 'NX_0_R_tra': 2.1497484884632287, 'NX_0_ifeat_feat': 0.8034188034188035, 'NX_10_click_loss': array([0.15115901]), 'NX_10_CV': '0.08545', 'NX_10_CV_turn': '0.32400', 'NX_10_ctr': array([0.42443738]), 'NX_10_len_tra': 10.0, 'NX_10_R_tra': array([4.24437379]), 'NX_10_ifeat_feat': 0.822}]
[I 230118 17:41:22 user_model_ensemble:83] 
    
[I 230118 17:41:22 user_model_ensemble:86] ============ Summarized results =============
[I 230118 17:41:22 user_model_ensemble:88] {}
