[I 230118 17:11:26 run_worldModel_ensemble:312] {
      "env": "KuaiRand-v0",
      "resume": false,
      "optimizer": "adam",
      "seed": 0,
      "bpr_weight": 0.5,
      "neg_K": 5,
      "n_models": 1,
      "is_softmax": false,
      "num_trajectory": 200,
      "force_length": 10,
      "top_rate": 0.8,
      "deterministic": true,
      "loss": "pointneg",
      "rankingK": [
        20,
        10,
        5
      ],
      "max_turn": 30,
      "is_all_item_ranking": false,
      "l2_reg_dnn": 0.1,
      "lambda_ab": 10,
      "epsilon": 0.3,
      "is_ucb": false,
      "dnn_activation": "relu",
      "feature_dim": 4,
      "entity_dim": 4,
      "user_model_name": "EpsilonGreedy",
      "dnn": [
        128,
        128
      ],
      "dnn_var": [],
      "batch_size": 4096,
      "epoch": 3,
      "cuda": 4,
      "tau": 0,
      "is_ab": false,
      "message": "epsilon-greedy-leave6",
      "all_item_ranking": false,
      "yfeat": "is_click",
      "leave_threshold": 0.0,
      "num_leave_compute": 6,
      "is_userinfo": false,
      "is_binarize": true,
      "need_transform": false,
      "entropy_window": [
        1,
        2
      ],
      "rating_threshold": 1
    }
[I 230118 17:17:34 utils:50] Epoch: [-1], Info: [{'MAE': 0.49171014775322536, 'MSE': 0.24187398797635934, 'RMSE': 0.4918068604405182, 'Recall@20': 0.6845512059842538, 'Recall@10': 0.44043876560878775, 'Recall@5': 0.21616199296763636, 'Precision@20': 0.20088679537979806, 'Precision@10': 0.1982546974890007, 'Precision@5': 0.1965609275869613, 'NDCG@20': 0.40903563762337664, 'NDCG@10': 0.32172746677525, 'NDCG@5': 0.24153529709288515, 'HT@20': 0.9498577991686721, 'HT@10': 0.8255523955370816, 'HT@5': 0.608313279369941, 'MAP@20': 0.22955492867902644, 'MAP@10': 0.17547792862229147, 'MAP@5': 0.11679583130236534, 'MRR@20': 0.37932544084458764, 'MRR@10': 0.37023578599381907, 'MRR@5': 0.3410231167505079, 'click_loss': 0.28536003755603045, 'CV': '0.02321', 'CV_turn': '0.32176', 'ctr': 0.20709035434152326, 'len_tra': 2.735, 'R_tra': 0.5663921191240661, 'ifeat_feat': 0.9177330895795247, 'NX_0_click_loss': 0.24978687362711163, 'NX_0_CV': '0.02176', 'NX_0_CV_turn': '0.30331', 'NX_0_ctr': 0.2486151416789439, 'NX_0_len_tra': 2.72, 'NX_0_R_tra': 0.6762331853667274, 'NX_0_ifeat_feat': 0.9007352941176471, 'NX_10_click_loss': array([0.28652326]), 'NX_10_CV': '0.07477', 'NX_10_CV_turn': '0.28350', 'NX_10_ctr': array([0.21318383]), 'NX_10_len_tra': 10.0, 'NX_10_R_tra': array([2.13183828]), 'NX_10_ifeat_feat': 0.831}]
[I 230118 17:27:47 utils:50] Epoch: [0], Info: [{'loss': 0.27243480956095006, 'MAE': 0.24205847215919005, 'MSE': 0.14920886553840765, 'RMSE': 0.38627563415054755, 'Recall@20': 0.7326543109152982, 'Recall@10': 0.5163395953038317, 'Recall@5': 0.3000516113346453, 'Precision@20': 0.23020469195891818, 'Precision@10': 0.2542040399620798, 'Precision@5': 0.28627652592430547, 'NDCG@20': 0.4979698418657757, 'NDCG@10': 0.42725166203831877, 'NDCG@5': 0.3625892400861763, 'HT@20': 0.9701159483701597, 'HT@10': 0.8902209582148326, 'HT@5': 0.7423320936337782, 'MAP@20': 0.3074914760148726, 'MAP@10': 0.251998039153318, 'MAP@5': 0.18543386665208697, 'MRR@20': 0.5132725989199367, 'MRR@10': 0.5074001729328935, 'MRR@5': 0.4873601691825393, 'click_loss': 0.1581678878410679, 'CV': '0.02361', 'CV_turn': '0.31130', 'ctr': 0.4997372325777036, 'len_tra': 2.875, 'R_tra': 1.4367445436608977, 'ifeat_feat': 0.30434782608695654, 'NX_0_click_loss': 0.13937983800439727, 'NX_0_CV': '0.04418', 'NX_0_CV_turn': '0.31784', 'NX_0_ctr': 0.4637788365289314, 'NX_0_len_tra': 5.27, 'NX_0_R_tra': 2.4441144685074687, 'NX_0_ifeat_feat': 0.7125237191650854, 'NX_10_click_loss': array([0.13825263]), 'NX_10_CV': '0.08123', 'NX_10_CV_turn': '0.30800', 'NX_10_ctr': array([0.45237086]), 'NX_10_len_tra': 10.0, 'NX_10_R_tra': array([4.52370857]), 'NX_10_ifeat_feat': 0.8015}]
[I 230118 17:37:11 utils:50] Epoch: [1], Info: [{'loss': 0.2605539109193249, 'MAE': 0.23460587027995597, 'MSE': 0.15205836134976802, 'RMSE': 0.38994661346108395, 'Recall@20': 0.7390703685353116, 'Recall@10': 0.5271208473257296, 'Recall@5': 0.3079073334026172, 'Precision@20': 0.231821406025862, 'Precision@10': 0.25861445343834316, 'Precision@5': 0.2903631590461606, 'NDCG@20': 0.5058452320074914, 'NDCG@10': 0.4370624633228619, 'NDCG@5': 0.3709183900561145, 'HT@20': 0.9736162765259243, 'HT@10': 0.8993655655217677, 'HT@5': 0.7544519798731131, 'MAP@20': 0.31433486913732417, 'MAP@10': 0.2592186223580384, 'MAP@5': 0.19109785523371148, 'MRR@20': 0.5235510456666884, 'MRR@10': 0.518112739736033, 'MRR@5': 0.49834536571138216, 'click_loss': 0.14774907241810334, 'CV': '0.02440', 'CV_turn': '0.33095', 'ctr': 0.4549196071819484, 'len_tra': 2.795, 'R_tra': 1.2715003020735458, 'ifeat_feat': 0.7119856887298748, 'NX_0_click_loss': 0.1513732857578434, 'NX_0_CV': '0.03917', 'NX_0_CV_turn': '0.29700', 'NX_0_ctr': 0.4925472578220069, 'NX_0_len_tra': 5.0, 'NX_0_R_tra': 2.4627362891100346, 'NX_0_ifeat_feat': 0.791, 'NX_10_click_loss': array([0.14550672]), 'NX_10_CV': '0.08308', 'NX_10_CV_turn': '0.31500', 'NX_10_ctr': array([0.44419078]), 'NX_10_len_tra': 10.0, 'NX_10_R_tra': array([4.44190784]), 'NX_10_ifeat_feat': 0.8065}]
[I 230118 17:44:42 utils:50] Epoch: [2], Info: [{'loss': 0.25134697486498164, 'MAE': 0.22448785750586206, 'MSE': 0.1542469224221744, 'RMSE': 0.3927428196952484, 'Recall@20': 0.7426545565728834, 'Recall@10': 0.5318915435221807, 'Recall@5': 0.3137396044895252, 'Precision@20': 0.23416225048002953, 'Precision@10': 0.26107780937796254, 'Precision@5': 0.29530737256617806, 'NDCG@20': 0.5112404028223091, 'NDCG@10': 0.4424272509209497, 'NDCG@5': 0.3772796207530335, 'HT@20': 0.9736600306278713, 'HT@10': 0.9020783198424852, 'HT@5': 0.7614526361846423, 'MAP@20': 0.3195803121495995, 'MAP@10': 0.26369815416177034, 'MAP@5': 0.19515141430894847, 'MRR@20': 0.5281528084067401, 'MRR@10': 0.522869071058764, 'MRR@5': 0.5038255669802536, 'click_loss': 0.16840525649109778, 'CV': '0.02558', 'CV_turn': '0.34705', 'ctr': 0.44645426289240076, 'len_tra': 2.795, 'R_tra': 1.24783966478426, 'ifeat_feat': 0.6887298747763864, 'NX_0_click_loss': 0.15042999031990598, 'NX_0_CV': '0.04497', 'NX_0_CV_turn': '0.34375', 'NX_0_ctr': 0.44816359961940533, 'NX_0_len_tra': 4.96, 'NX_0_R_tra': 2.22289145411225, 'NX_0_ifeat_feat': 0.7681451612903226, 'NX_10_click_loss': array([0.16145084]), 'NX_10_CV': '0.08770', 'NX_10_CV_turn': '0.33250', 'NX_10_ctr': array([0.41941372]), 'NX_10_len_tra': 10.0, 'NX_10_R_tra': array([4.19413718]), 'NX_10_ifeat_feat': 0.8255}]
[I 230118 17:44:42 user_model_ensemble:83] 
    
[I 230118 17:44:42 user_model_ensemble:86] ============ Summarized results =============
[I 230118 17:44:42 user_model_ensemble:88] {}
