[I 230118 17:11:26 run_worldModel_ensemble:312] {
      "env": "KuaiRand-v0",
      "resume": false,
      "optimizer": "adam",
      "seed": 0,
      "bpr_weight": 0.5,
      "neg_K": 5,
      "n_models": 1,
      "is_softmax": false,
      "num_trajectory": 200,
      "force_length": 10,
      "top_rate": 0.8,
      "deterministic": true,
      "loss": "pointneg",
      "rankingK": [
        20,
        10,
        5
      ],
      "max_turn": 30,
      "is_all_item_ranking": false,
      "l2_reg_dnn": 0.1,
      "lambda_ab": 10,
      "epsilon": 0.3,
      "is_ucb": false,
      "dnn_activation": "relu",
      "feature_dim": 4,
      "entity_dim": 4,
      "user_model_name": "EpsilonGreedy",
      "dnn": [
        128,
        128
      ],
      "dnn_var": [],
      "batch_size": 4096,
      "epoch": 3,
      "cuda": 1,
      "tau": 0,
      "is_ab": false,
      "message": "epsilon-greedy-leave9",
      "all_item_ranking": false,
      "yfeat": "is_click",
      "leave_threshold": 0.0,
      "num_leave_compute": 9,
      "is_userinfo": false,
      "is_binarize": true,
      "need_transform": false,
      "entropy_window": [
        1,
        2
      ],
      "rating_threshold": 1
    }
[I 230118 17:17:04 utils:50] Epoch: [-1], Info: [{'MAE': 0.49171014775322536, 'MSE': 0.24187398797635934, 'RMSE': 0.4918068604405182, 'Recall@20': 0.6845512059842538, 'Recall@10': 0.44043876560878775, 'Recall@5': 0.21616199296763636, 'Precision@20': 0.20088679537979806, 'Precision@10': 0.1982546974890007, 'Precision@5': 0.1965609275869613, 'NDCG@20': 0.40903563762337664, 'NDCG@10': 0.32172746677525, 'NDCG@5': 0.24153529709288515, 'HT@20': 0.9498577991686721, 'HT@10': 0.8255523955370816, 'HT@5': 0.608313279369941, 'MAP@20': 0.22955492867902644, 'MAP@10': 0.17547792862229147, 'MAP@5': 0.11679583130236534, 'MRR@20': 0.37932544084458764, 'MRR@10': 0.37023578599381907, 'MRR@5': 0.3410231167505079, 'click_loss': 0.2872034251394362, 'CV': '0.02308', 'CV_turn': '0.32288', 'ctr': 0.20555423870613984, 'len_tra': 2.71, 'R_tra': 0.557051986893639, 'ifeat_feat': 0.9169741697416974, 'NX_0_click_loss': 0.24686312724062998, 'NX_0_CV': '0.02123', 'NX_0_CV_turn': '0.30377', 'NX_0_ctr': 0.24880392193565812, 'NX_0_len_tra': 2.65, 'NX_0_R_tra': 0.659330393129494, 'NX_0_ifeat_feat': 0.9037735849056604, 'NX_10_click_loss': array([0.2855084]), 'NX_10_CV': '0.07398', 'NX_10_CV_turn': '0.28050', 'NX_10_ctr': array([0.21353013]), 'NX_10_len_tra': 10.0, 'NX_10_R_tra': array([2.13530134]), 'NX_10_ifeat_feat': 0.838}]
[I 230118 17:23:24 utils:50] Epoch: [0], Info: [{'loss': 0.27262555593472776, 'MAE': 0.23817160531808917, 'MSE': 0.14901937934460815, 'RMSE': 0.38603028293724334, 'Recall@20': 0.7320478991185676, 'Recall@10': 0.5167059875612205, 'Recall@5': 0.3003268635119454, 'Precision@20': 0.23001217391035114, 'Precision@10': 0.25486861615498674, 'Precision@5': 0.28617807919492455, 'NDCG@20': 0.498326733378544, 'NDCG@10': 0.4282967126102408, 'NDCG@5': 0.36331387556304795, 'HT@20': 0.9696346532487421, 'HT@10': 0.8900896959089915, 'HT@5': 0.7435134543863487, 'MAP@20': 0.30800179822866913, 'MAP@10': 0.252872104535404, 'MAP@5': 0.18589595650944063, 'MRR@20': 0.5150051418988876, 'MRR@10': 0.5091509620693764, 'MRR@5': 0.4893582731714551, 'click_loss': 0.1524076572865905, 'CV': '0.02374', 'CV_turn': '0.31142', 'ctr': 0.5125917851236877, 'len_tra': 2.89, 'R_tra': 1.4813902590074577, 'ifeat_feat': 0.18858131487889274, 'NX_0_click_loss': 0.13523091883900337, 'NX_0_CV': '0.04589', 'NX_0_CV_turn': '0.31493', 'NX_0_ctr': 0.47735231303049164, 'NX_0_len_tra': 5.525, 'NX_0_R_tra': 2.6373715294934663, 'NX_0_ifeat_feat': 0.7230769230769231, 'NX_10_click_loss': array([0.13579362]), 'NX_10_CV': '0.08268', 'NX_10_CV_turn': '0.31350', 'NX_10_ctr': array([0.44461717]), 'NX_10_len_tra': 10.0, 'NX_10_R_tra': array([4.44617172]), 'NX_10_ifeat_feat': 0.788}]
[I 230118 17:29:27 utils:50] Epoch: [1], Info: [{'loss': 0.2628607834602892, 'MAE': 0.2388279741174458, 'MSE': 0.14903138917165584, 'RMSE': 0.38604583817424565, 'Recall@20': 0.7348234176885191, 'Recall@10': 0.5212974271022348, 'Recall@5': 0.30365208234985686, 'Precision@20': 0.2309463239869208, 'Precision@10': 0.256759279515788, 'Precision@5': 0.2891446073069351, 'NDCG@20': 0.5012536707184652, 'NDCG@10': 0.4318619631948593, 'NDCG@5': 0.3668045830664111, 'HT@20': 0.9716473419383067, 'HT@10': 0.8940275650842266, 'HT@5': 0.7480201268868957, 'MAP@20': 0.31053509438482, 'MAP@10': 0.2553841688250973, 'MAP@5': 0.18786776705269143, 'MRR@20': 0.5179480422561197, 'MRR@10': 0.5122275178575921, 'MRR@5': 0.4924597097644702, 'click_loss': 0.14371632989065897, 'CV': '0.02281', 'CV_turn': '0.30728', 'ctr': 0.5070073838357286, 'len_tra': 2.815, 'R_tra': 1.427225785497576, 'ifeat_feat': 0.20781527531083482, 'NX_0_click_loss': 0.13245353498790216, 'NX_0_CV': '0.03732', 'NX_0_CV_turn': '0.29789', 'NX_0_ctr': 0.4940360962908323, 'NX_0_len_tra': 4.75, 'NX_0_R_tra': 2.3466714573814533, 'NX_0_ifeat_feat': 0.6884210526315789, 'NX_10_click_loss': array([0.13288101]), 'NX_10_CV': '0.08189', 'NX_10_CV_turn': '0.31050', 'NX_10_ctr': array([0.47191273]), 'NX_10_len_tra': 10.0, 'NX_10_R_tra': array([4.71912733]), 'NX_10_ifeat_feat': 0.798}]
[I 230118 17:35:46 utils:50] Epoch: [2], Info: [{'loss': 0.2585667257398752, 'MAE': 0.22929606288991491, 'MSE': 0.15255004839808703, 'RMSE': 0.3905765589459857, 'Recall@20': 0.7408300831068836, 'Recall@10': 0.5309290939154826, 'Recall@5': 0.31328932556125205, 'Precision@20': 0.23323247581365456, 'Precision@10': 0.2609373100950437, 'Precision@5': 0.2943885364252899, 'NDCG@20': 0.5103674116860829, 'NDCG@10': 0.442252267295394, 'NDCG@5': 0.3769166121694537, 'HT@20': 0.9738788011376066, 'HT@10': 0.9017282870269088, 'HT@5': 0.7613213738788012, 'MAP@20': 0.319179216505833, 'MAP@10': 0.26390390194612084, 'MAP@5': 0.19539877655379145, 'MRR@20': 0.5291375654363875, 'MRR@10': 0.5238424782879118, 'MRR@5': 0.5048005542186392, 'click_loss': 0.1544590231779443, 'CV': '0.02453', 'CV_turn': '0.33696', 'ctr': 0.45103638737961865, 'len_tra': 2.76, 'R_tra': 1.2448604291677474, 'ifeat_feat': 0.5815217391304348, 'NX_0_click_loss': 0.14667848975054207, 'NX_0_CV': '0.03270', 'NX_0_CV_turn': '0.32546', 'NX_0_ctr': 0.45204443766569274, 'NX_0_len_tra': 3.81, 'NX_0_R_tra': 1.7222893075062893, 'NX_0_ifeat_feat': 0.7454068241469817, 'NX_10_click_loss': array([0.13947284]), 'NX_10_CV': '0.08334', 'NX_10_CV_turn': '0.31600', 'NX_10_ctr': array([0.43105075]), 'NX_10_len_tra': 10.0, 'NX_10_R_tra': array([4.31050747]), 'NX_10_ifeat_feat': 0.791}]
[I 230118 17:35:46 user_model_ensemble:83] 
    
[I 230118 17:35:46 user_model_ensemble:86] ============ Summarized results =============
[I 230118 17:35:46 user_model_ensemble:88] {}
