[I 230118 17:11:26 run_worldModel_ensemble:312] {
      "env": "KuaiRand-v0",
      "resume": false,
      "optimizer": "adam",
      "seed": 0,
      "bpr_weight": 0.5,
      "neg_K": 5,
      "n_models": 1,
      "is_softmax": false,
      "num_trajectory": 200,
      "force_length": 10,
      "top_rate": 0.8,
      "deterministic": true,
      "loss": "pointneg",
      "rankingK": [
        20,
        10,
        5
      ],
      "max_turn": 30,
      "is_all_item_ranking": false,
      "l2_reg_dnn": 0.1,
      "lambda_ab": 10,
      "epsilon": 0.3,
      "is_ucb": false,
      "dnn_activation": "relu",
      "feature_dim": 4,
      "entity_dim": 4,
      "user_model_name": "EpsilonGreedy",
      "dnn": [
        128,
        128
      ],
      "dnn_var": [],
      "batch_size": 4096,
      "epoch": 3,
      "cuda": 2,
      "tau": 0,
      "is_ab": false,
      "message": "epsilon-greedy-leave1",
      "all_item_ranking": false,
      "yfeat": "is_click",
      "leave_threshold": 0.0,
      "num_leave_compute": 1,
      "is_userinfo": false,
      "is_binarize": true,
      "need_transform": false,
      "entropy_window": [
        1,
        2
      ],
      "rating_threshold": 1
    }
[I 230118 17:18:57 utils:50] Epoch: [-1], Info: [{'MAE': 0.49171014775322536, 'MSE': 0.24187398797635934, 'RMSE': 0.4918068604405182, 'Recall@20': 0.6845512059842538, 'Recall@10': 0.44043876560878775, 'Recall@5': 0.21616199296763636, 'Precision@20': 0.20088679537979806, 'Precision@10': 0.1982546974890007, 'Precision@5': 0.1965609275869613, 'NDCG@20': 0.40903563762337664, 'NDCG@10': 0.32172746677525, 'NDCG@5': 0.24153529709288515, 'HT@20': 0.9498577991686721, 'HT@10': 0.8255523955370816, 'HT@5': 0.608313279369941, 'MAP@20': 0.22955492867902644, 'MAP@10': 0.17547792862229147, 'MAP@5': 0.11679583130236534, 'MRR@20': 0.37932544084458764, 'MRR@10': 0.37023578599381907, 'MRR@5': 0.3410231167505079, 'click_loss': 0.28400743645979676, 'CV': '0.02637', 'CV_turn': '0.31250', 'ctr': 0.20716826067873625, 'len_tra': 3.2, 'R_tra': 0.6629384341719561, 'ifeat_feat': 0.91875, 'NX_0_click_loss': 0.24890397438006118, 'NX_0_CV': '0.02822', 'NX_0_CV_turn': '0.31563', 'NX_0_ctr': 0.24950093121554945, 'NX_0_len_tra': 3.39, 'NX_0_R_tra': 0.8458081568207126, 'NX_0_ifeat_feat': 0.8952802359882006, 'NX_10_click_loss': array([0.28701297]), 'NX_10_CV': '0.07596', 'NX_10_CV_turn': '0.28800', 'NX_10_ctr': array([0.21297203]), 'NX_10_len_tra': 10.0, 'NX_10_R_tra': array([2.12972033]), 'NX_10_ifeat_feat': 0.83}]
[I 230118 17:29:30 utils:50] Epoch: [0], Info: [{'loss': 0.27257974753926295, 'MAE': 0.240999504333378, 'MSE': 0.14940748519387262, 'RMSE': 0.38653264440907525, 'Recall@20': 0.7317668689455136, 'Recall@10': 0.5162705079980585, 'Recall@5': 0.2996921431394952, 'Precision@20': 0.22998580630680937, 'Precision@10': 0.2545715744184351, 'Precision@5': 0.28550645373003725, 'NDCG@20': 0.49728377541092794, 'NDCG@10': 0.4270906410564926, 'NDCG@5': 0.3618787489036177, 'HT@20': 0.9685845548020127, 'HT@10': 0.889739663093415, 'HT@5': 0.7420258149201487, 'MAP@20': 0.30676042591528674, 'MAP@10': 0.2514825942281465, 'MAP@5': 0.18457110775668115, 'MRR@20': 0.5130593316420998, 'MRR@10': 0.507265958961446, 'MRR@5': 0.48722526070153743, 'click_loss': 0.13211758721393324, 'CV': '0.02941', 'CV_turn': '0.31812', 'ctr': 0.48955357031908003, 'len_tra': 3.505, 'R_tra': 1.7158852639683755, 'ifeat_feat': 0.5563480741797432, 'NX_0_click_loss': 0.1447668430347307, 'NX_0_CV': '0.06159', 'NX_0_CV_turn': '0.31747', 'NX_0_ctr': 0.46856366208501865, 'NX_0_len_tra': 7.355, 'NX_0_R_tra': 3.446285734635312, 'NX_0_ifeat_feat': 0.7532290958531611, 'NX_10_click_loss': array([0.13127194]), 'NX_10_CV': '0.08150', 'NX_10_CV_turn': '0.30900', 'NX_10_ctr': array([0.45703806]), 'NX_10_len_tra': 10.0, 'NX_10_R_tra': array([4.57038055]), 'NX_10_ifeat_feat': 0.8075}]
[I 230118 17:39:52 utils:50] Epoch: [1], Info: [{'loss': 0.26293371569878904, 'MAE': 0.24033214062014369, 'MSE': 0.14920075819236464, 'RMSE': 0.38626513975812604, 'Recall@20': 0.7341077861655946, 'Recall@10': 0.5195514670840023, 'Recall@5': 0.3024532830118059, 'Precision@20': 0.23074712768068814, 'Precision@10': 0.25594982862976745, 'Precision@5': 0.2884270400350033, 'NDCG@20': 0.5006245784343946, 'NDCG@10': 0.4307770225623082, 'NDCG@5': 0.366020751935095, 'HT@20': 0.9702472106760008, 'HT@10': 0.8916210894771385, 'HT@5': 0.7465324874206957, 'MAP@20': 0.3099878154847258, 'MAP@10': 0.25465065281810456, 'MAP@5': 0.18732973122614716, 'MRR@20': 0.5178750404908614, 'MRR@10': 0.5120714615606474, 'MRR@5': 0.49241085101729565, 'click_loss': 0.14429972570913727, 'CV': '0.02796', 'CV_turn': '0.31737', 'ctr': 0.47641826495472456, 'len_tra': 3.34, 'R_tra': 1.5912370049487798, 'ifeat_feat': 0.8622754491017964, 'NX_0_click_loss': 0.1405079685062469, 'NX_0_CV': '0.06132', 'NX_0_CV_turn': '0.31893', 'NX_0_ctr': 0.4778969226440476, 'NX_0_len_tra': 7.29, 'NX_0_R_tra': 3.483868566075107, 'NX_0_ifeat_feat': 0.8203017832647462, 'NX_10_click_loss': array([0.13859066]), 'NX_10_CV': '0.07912', 'NX_10_CV_turn': '0.30000', 'NX_10_ctr': array([0.46962478]), 'NX_10_len_tra': 10.0, 'NX_10_R_tra': array([4.69624775]), 'NX_10_ifeat_feat': 0.821}]
[I 230118 17:48:00 utils:50] Epoch: [2], Info: [{'loss': 0.25925523191515987, 'MAE': 0.22788529464081736, 'MSE': 0.15191677233127857, 'RMSE': 0.38976502194434864, 'Recall@20': 0.7411627853566541, 'Recall@10': 0.5311332862960064, 'Recall@5': 0.3127744086997314, 'Precision@20': 0.23321934958307047, 'Precision@10': 0.2608366756605654, 'Precision@5': 0.29334718879894994, 'NDCG@20': 0.5094193910087225, 'NDCG@10': 0.4410664107216984, 'NDCG@5': 0.37510032535864535, 'HT@20': 0.9740538175453949, 'HT@10': 0.9016845329249618, 'HT@5': 0.75821483264056, 'MAP@20': 0.3182744712413641, 'MAP@10': 0.263095323075144, 'MAP@5': 0.19445263099012733, 'MRR@20': 0.5263300777761407, 'MRR@10': 0.5210041913651797, 'MRR@5': 0.5016334864727054, 'click_loss': 0.15758686392852242, 'CV': '0.03007', 'CV_turn': '0.33529', 'ctr': 0.43025180818033676, 'len_tra': 3.4, 'R_tra': 1.462856147813145, 'ifeat_feat': 0.7073529411764706, 'NX_0_click_loss': 0.14955499224383492, 'NX_0_CV': '0.04550', 'NX_0_CV_turn': '0.33046', 'NX_0_ctr': 0.44663216597516575, 'NX_0_len_tra': 5.22, 'NX_0_R_tra': 2.3314199063903653, 'NX_0_ifeat_feat': 0.8065134099616859, 'NX_10_click_loss': array([0.14131294]), 'NX_10_CV': '0.08348', 'NX_10_CV_turn': '0.31650', 'NX_10_ctr': array([0.41761567]), 'NX_10_len_tra': 10.0, 'NX_10_R_tra': array([4.17615671]), 'NX_10_ifeat_feat': 0.8165}]
[I 230118 17:48:00 user_model_ensemble:83] 
    
[I 230118 17:48:00 user_model_ensemble:86] ============ Summarized results =============
[I 230118 17:48:00 user_model_ensemble:88] {}
