[I 230118 17:11:26 run_worldModel_ensemble:312] {
      "env": "KuaiRand-v0",
      "resume": false,
      "optimizer": "adam",
      "seed": 0,
      "bpr_weight": 0.5,
      "neg_K": 5,
      "n_models": 1,
      "is_softmax": false,
      "num_trajectory": 200,
      "force_length": 10,
      "top_rate": 0.8,
      "deterministic": true,
      "loss": "pointneg",
      "rankingK": [
        20,
        10,
        5
      ],
      "max_turn": 30,
      "is_all_item_ranking": false,
      "l2_reg_dnn": 0.1,
      "lambda_ab": 10,
      "epsilon": 0.3,
      "is_ucb": false,
      "dnn_activation": "relu",
      "feature_dim": 4,
      "entity_dim": 4,
      "user_model_name": "EpsilonGreedy",
      "dnn": [
        128,
        128
      ],
      "dnn_var": [],
      "batch_size": 4096,
      "epoch": 3,
      "cuda": 3,
      "tau": 0,
      "is_ab": false,
      "message": "epsilon-greedy-leave2",
      "all_item_ranking": false,
      "yfeat": "is_click",
      "leave_threshold": 0.0,
      "num_leave_compute": 2,
      "is_userinfo": false,
      "is_binarize": true,
      "need_transform": false,
      "entropy_window": [
        1,
        2
      ],
      "rating_threshold": 1
    }
[I 230118 17:17:31 utils:50] Epoch: [-1], Info: [{'MAE': 0.49171014775322536, 'MSE': 0.24187398797635934, 'RMSE': 0.4918068604405182, 'Recall@20': 0.6845512059842538, 'Recall@10': 0.44043876560878775, 'Recall@5': 0.21616199296763636, 'Precision@20': 0.20088679537979806, 'Precision@10': 0.1982546974890007, 'Precision@5': 0.1965609275869613, 'NDCG@20': 0.40903563762337664, 'NDCG@10': 0.32172746677525, 'NDCG@5': 0.24153529709288515, 'HT@20': 0.9498577991686721, 'HT@10': 0.8255523955370816, 'HT@5': 0.608313279369941, 'MAP@20': 0.22955492867902644, 'MAP@10': 0.17547792862229147, 'MAP@5': 0.11679583130236534, 'MRR@20': 0.37932544084458764, 'MRR@10': 0.37023578599381907, 'MRR@5': 0.3410231167505079, 'click_loss': 0.2750259747058953, 'CV': '0.02361', 'CV_turn': '0.32021', 'ctr': 0.21721782497328593, 'len_tra': 2.795, 'R_tra': 0.6071238208003341, 'ifeat_feat': 0.9194991055456172, 'NX_0_click_loss': 0.2508920021129022, 'NX_0_CV': '0.02242', 'NX_0_CV_turn': '0.30576', 'NX_0_ctr': 0.24827274695799265, 'NX_0_len_tra': 2.78, 'NX_0_R_tra': 0.6901982365432195, 'NX_0_ifeat_feat': 0.89568345323741, 'NX_10_click_loss': array([0.28902323]), 'NX_10_CV': '0.07490', 'NX_10_CV_turn': '0.28400', 'NX_10_ctr': array([0.20825563]), 'NX_10_len_tra': 10.0, 'NX_10_R_tra': array([2.08255631]), 'NX_10_ifeat_feat': 0.833}]
[I 230118 17:28:18 utils:50] Epoch: [0], Info: [{'loss': 0.27233536686264553, 'MAE': 0.24085767044525044, 'MSE': 0.14926197053823922, 'RMSE': 0.3863443678096514, 'Recall@20': 0.732929690145646, 'Recall@10': 0.5170953432721854, 'Recall@5': 0.2997419488109394, 'Precision@20': 0.2302462583557679, 'Precision@10': 0.25487347772186986, 'Precision@5': 0.2861015095165172, 'NDCG@20': 0.4987407525184983, 'NDCG@10': 0.4283642119823538, 'NDCG@5': 0.3631649194013471, 'HT@20': 0.9701159483701597, 'HT@10': 0.8907897615401444, 'HT@5': 0.7426821264493546, 'MAP@20': 0.30816003189332325, 'MAP@10': 0.25271210348879886, 'MAP@5': 0.18553168922812224, 'MRR@20': 0.5151930158982222, 'MRR@10': 0.5093379761297215, 'MRR@5': 0.4892539925618151, 'click_loss': 0.15328705207824403, 'CV': '0.02413', 'CV_turn': '0.30860', 'ctr': 0.5087759715390492, 'len_tra': 2.965, 'R_tra': 1.508520755613281, 'ifeat_feat': 0.2900505902192243, 'NX_0_click_loss': 0.13640593169103435, 'NX_0_CV': '0.05842', 'NX_0_CV_turn': '0.32839', 'NX_0_ctr': 0.46195514352270384, 'NX_0_len_tra': 6.745, 'NX_0_R_tra': 3.1158874430606374, 'NX_0_ifeat_feat': 0.7613046701260193, 'NX_10_click_loss': array([0.13459073]), 'NX_10_CV': '0.08242', 'NX_10_CV_turn': '0.31250', 'NX_10_ctr': array([0.46835666]), 'NX_10_len_tra': 10.0, 'NX_10_R_tra': array([4.68356655]), 'NX_10_ifeat_feat': 0.7945}]
[I 230118 17:38:48 utils:50] Epoch: [1], Info: [{'loss': 0.2601632666424526, 'MAE': 0.23394661173929412, 'MSE': 0.15198974624727257, 'RMSE': 0.38985862341016975, 'Recall@20': 0.7382157614734661, 'Recall@10': 0.5271427414640643, 'Recall@5': 0.31025652901171313, 'Precision@20': 0.23248865608055458, 'Precision@10': 0.25939327645300087, 'Precision@5': 0.29267118792386787, 'NDCG@20': 0.5077560860862617, 'NDCG@10': 0.439307501882491, 'NDCG@5': 0.37457535756169263, 'HT@20': 0.9729162108947714, 'HT@10': 0.8985779916867206, 'HT@5': 0.7575147670094071, 'MAP@20': 0.31641142536101424, 'MAP@10': 0.26117002645879295, 'MAP@5': 0.1933769411355818, 'MRR@20': 0.5278207351417099, 'MRR@10': 0.5223668885624868, 'MRR@5': 0.5031313352293594, 'click_loss': 0.1612213406274529, 'CV': '0.02268', 'CV_turn': '0.30824', 'ctr': 0.455526855964494, 'len_tra': 2.79, 'R_tra': 1.2709199281409382, 'ifeat_feat': 0.7634408602150538, 'NX_0_click_loss': 0.16725955503241266, 'NX_0_CV': '0.04840', 'NX_0_CV_turn': '0.30814', 'NX_0_ctr': 0.461928322331825, 'NX_0_len_tra': 5.955, 'NX_0_R_tra': 2.750783159486018, 'NX_0_ifeat_feat': 0.8085642317380353, 'NX_10_click_loss': array([0.15795776]), 'NX_10_CV': '0.08625', 'NX_10_CV_turn': '0.32700', 'NX_10_ctr': array([0.43659647]), 'NX_10_len_tra': 10.0, 'NX_10_R_tra': array([4.3659647]), 'NX_10_ifeat_feat': 0.8035}]
[I 230118 17:47:18 utils:50] Epoch: [2], Info: [{'loss': 0.2511567858302978, 'MAE': 0.2263474001015774, 'MSE': 0.15446988317758797, 'RMSE': 0.393026568030188, 'Recall@20': 0.7426872318932712, 'Recall@10': 0.5320110577749805, 'Recall@5': 0.3142685765306905, 'Precision@20': 0.2333942508484851, 'Precision@10': 0.2608449403242665, 'Precision@5': 0.29433603150295345, 'NDCG@20': 0.5100026075462187, 'NDCG@10': 0.44142071619264706, 'NDCG@5': 0.3759069076603277, 'HT@20': 0.9744476044629184, 'HT@10': 0.9028658936775322, 'HT@5': 0.7586961277619777, 'MAP@20': 0.31864515377963637, 'MAP@10': 0.26301473951380167, 'MAP@5': 0.194720090906331, 'MRR@20': 0.5252406814620383, 'MRR@10': 0.519967566403814, 'MRR@5': 0.5004652519507194, 'click_loss': 0.16959157970329017, 'CV': '0.02479', 'CV_turn': '0.32696', 'ctr': 0.44061794151835465, 'len_tra': 2.875, 'R_tra': 1.2667765818652696, 'ifeat_feat': 0.5965217391304348, 'NX_0_click_loss': 0.15031997266679958, 'NX_0_CV': '0.05486', 'NX_0_CV_turn': '0.35165', 'NX_0_ctr': 0.4333160070682555, 'NX_0_len_tra': 5.915, 'NX_0_R_tra': 2.5630641818087314, 'NX_0_ifeat_feat': 0.7810650887573964, 'NX_10_click_loss': array([0.15335021]), 'NX_10_CV': '0.08756', 'NX_10_CV_turn': '0.33200', 'NX_10_ctr': array([0.42399894]), 'NX_10_len_tra': 10.0, 'NX_10_R_tra': array([4.23998937]), 'NX_10_ifeat_feat': 0.8295}]
[I 230118 17:47:18 user_model_ensemble:83] 
    
[I 230118 17:47:18 user_model_ensemble:86] ============ Summarized results =============
[I 230118 17:47:18 user_model_ensemble:88] {}
