[I 230118 17:11:26 run_worldModel_ensemble:312] {
      "env": "KuaiRand-v0",
      "resume": false,
      "optimizer": "adam",
      "seed": 0,
      "bpr_weight": 0.5,
      "neg_K": 5,
      "n_models": 1,
      "is_softmax": false,
      "num_trajectory": 200,
      "force_length": 10,
      "top_rate": 0.8,
      "deterministic": true,
      "loss": "pointneg",
      "rankingK": [
        20,
        10,
        5
      ],
      "max_turn": 30,
      "is_all_item_ranking": false,
      "l2_reg_dnn": 0.1,
      "lambda_ab": 10,
      "epsilon": 0.3,
      "is_ucb": false,
      "dnn_activation": "relu",
      "feature_dim": 4,
      "entity_dim": 4,
      "user_model_name": "EpsilonGreedy",
      "dnn": [
        128,
        128
      ],
      "dnn_var": [],
      "batch_size": 4096,
      "epoch": 3,
      "cuda": 7,
      "tau": 0,
      "is_ab": false,
      "message": "epsilon-greedy-leave3",
      "all_item_ranking": false,
      "yfeat": "is_click",
      "leave_threshold": 0.0,
      "num_leave_compute": 3,
      "is_userinfo": false,
      "is_binarize": true,
      "need_transform": false,
      "entropy_window": [
        1,
        2
      ],
      "rating_threshold": 1
    }
[I 230118 17:18:49 utils:50] Epoch: [-1], Info: [{'MAE': 0.49171014775322536, 'MSE': 0.24187398797635934, 'RMSE': 0.4918068604405182, 'Recall@20': 0.6845512059842538, 'Recall@10': 0.44043876560878775, 'Recall@5': 0.21616199296763636, 'Precision@20': 0.20088679537979806, 'Precision@10': 0.1982546974890007, 'Precision@5': 0.1965609275869613, 'NDCG@20': 0.40903563762337664, 'NDCG@10': 0.32172746677525, 'NDCG@5': 0.24153529709288515, 'HT@20': 0.9498577991686721, 'HT@10': 0.8255523955370816, 'HT@5': 0.608313279369941, 'MAP@20': 0.22955492867902644, 'MAP@10': 0.17547792862229147, 'MAP@5': 0.11679583130236534, 'MRR@20': 0.37932544084458764, 'MRR@10': 0.37023578599381907, 'MRR@5': 0.3410231167505079, 'click_loss': 0.28065831176597084, 'CV': '0.02400', 'CV_turn': '0.31597', 'ctr': 0.21394922616713707, 'len_tra': 2.88, 'R_tra': 0.6161737713613548, 'ifeat_feat': 0.9201388888888888, 'NX_0_click_loss': 0.25611122062426483, 'NX_0_CV': '0.02268', 'NX_0_CV_turn': '0.30496', 'NX_0_ctr': 0.24246383084278184, 'NX_0_len_tra': 2.82, 'NX_0_R_tra': 0.6837480029766447, 'NX_0_ifeat_feat': 0.9131205673758865, 'NX_10_click_loss': array([0.28772819]), 'NX_10_CV': '0.07530', 'NX_10_CV_turn': '0.28550', 'NX_10_ctr': array([0.2110181]), 'NX_10_len_tra': 10.0, 'NX_10_R_tra': array([2.11018096]), 'NX_10_ifeat_feat': 0.84}]
[I 230118 17:29:02 utils:50] Epoch: [0], Info: [{'loss': 0.27250281560649897, 'MAE': 0.23863572151632456, 'MSE': 0.1492655345318655, 'RMSE': 0.3863489802391945, 'Recall@20': 0.7338275079840804, 'Recall@10': 0.5187024338164734, 'Recall@5': 0.30118729631191554, 'Precision@20': 0.23060285428663643, 'Precision@10': 0.2554379056369868, 'Precision@5': 0.2870378472981842, 'NDCG@20': 0.4995725594285944, 'NDCG@10': 0.4294588814122559, 'NDCG@5': 0.36432017309248993, 'HT@20': 0.9709035222052067, 'HT@10': 0.8923211551082914, 'HT@5': 0.7454823889739663, 'MAP@20': 0.3088023439361142, 'MAP@10': 0.25344301032963296, 'MAP@5': 0.18617515520181024, 'MRR@20': 0.5164190912726181, 'MRR@10': 0.5106580304403691, 'MRR@5': 0.4908094508860328, 'click_loss': 0.15318150090099109, 'CV': '0.02519', 'CV_turn': '0.31057', 'ctr': 0.5110459247104279, 'len_tra': 3.075, 'R_tra': 1.5714662184845656, 'ifeat_feat': 0.3642276422764228, 'NX_0_click_loss': 0.13877783525748338, 'NX_0_CV': '0.04721', 'NX_0_CV_turn': '0.31709', 'NX_0_ctr': 0.4562352345258235, 'NX_0_len_tra': 5.645, 'NX_0_R_tra': 2.5754478988982736, 'NX_0_ifeat_feat': 0.7387068201948627, 'NX_10_click_loss': array([0.1429219]), 'NX_10_CV': '0.08282', 'NX_10_CV_turn': '0.31400', 'NX_10_ctr': array([0.44111786]), 'NX_10_len_tra': 10.0, 'NX_10_R_tra': array([4.41117861]), 'NX_10_ifeat_feat': 0.7945}]
[I 230118 17:38:47 utils:50] Epoch: [1], Info: [{'loss': 0.26253438161755127, 'MAE': 0.2370494790626944, 'MSE': 0.15051235461801116, 'RMSE': 0.3879592177252799, 'Recall@20': 0.7342508889462047, 'Recall@10': 0.5191465140310966, 'Recall@5': 0.30252004338505334, 'Precision@20': 0.2304650288655032, 'Precision@10': 0.25617297454969734, 'Precision@5': 0.2882695252679939, 'NDCG@20': 0.5003656956491996, 'NDCG@10': 0.4307593450620835, 'NDCG@5': 0.3659555296317937, 'HT@20': 0.971122292714942, 'HT@10': 0.8931962371472325, 'HT@5': 0.7483701597024721, 'MAP@20': 0.30931161452130007, 'MAP@10': 0.2540404607315213, 'MAP@5': 0.18678603180593464, 'MRR@20': 0.518166724164162, 'MRR@10': 0.5124189941418276, 'MRR@5': 0.4927535914825485, 'click_loss': 0.14554086399829796, 'CV': '0.02229', 'CV_turn': '0.28889', 'ctr': 0.5142452885197778, 'len_tra': 2.925, 'R_tra': 1.5041674689203501, 'ifeat_feat': 0.2717948717948718, 'NX_0_click_loss': 0.14705331197518454, 'NX_0_CV': '0.03956', 'NX_0_CV_turn': '0.31712', 'NX_0_ctr': 0.46000146138999637, 'NX_0_len_tra': 4.73, 'NX_0_R_tra': 2.1758069123746826, 'NX_0_ifeat_feat': 0.6987315010570825, 'NX_10_click_loss': array([0.14918532]), 'NX_10_CV': '0.08282', 'NX_10_CV_turn': '0.31400', 'NX_10_ctr': array([0.45282252]), 'NX_10_len_tra': 10.0, 'NX_10_R_tra': array([4.52822517]), 'NX_10_ifeat_feat': 0.785}]
[I 230118 17:47:10 utils:50] Epoch: [2], Info: [{'loss': 0.25542921056750045, 'MAE': 0.23038175181696216, 'MSE': 0.1541777537726522, 'RMSE': 0.39265475136900124, 'Recall@20': 0.7416177916973915, 'Recall@10': 0.5305208358718126, 'Recall@5': 0.3135353602540171, 'Precision@20': 0.2334490586182925, 'Precision@10': 0.2605824157125841, 'Precision@5': 0.2941238241085102, 'NDCG@20': 0.5093309229109805, 'NDCG@10': 0.4405332512246031, 'NDCG@5': 0.37521674595226856, 'HT@20': 0.9738788011376066, 'HT@10': 0.9016845329249618, 'HT@5': 0.757339750601619, 'MAP@20': 0.3179888893379841, 'MAP@10': 0.2623805689204465, 'MAP@5': 0.19421254995926066, 'MRR@20': 0.5245743186213471, 'MRR@10': 0.5192662506554603, 'MRR@5': 0.4996601764748926, 'click_loss': 0.15306105676622636, 'CV': '0.02624', 'CV_turn': '0.32784', 'ctr': 0.4652941691830349, 'len_tra': 3.035, 'R_tra': 1.412167803470511, 'ifeat_feat': 0.5996705107084019, 'NX_0_click_loss': 0.15679487157627606, 'NX_0_CV': '0.04141', 'NX_0_CV_turn': '0.32742', 'NX_0_ctr': 0.45415034016440853, 'NX_0_len_tra': 4.795, 'NX_0_R_tra': 2.1776508810883386, 'NX_0_ifeat_feat': 0.7977059436913452, 'NX_10_click_loss': array([0.15376359]), 'NX_10_CV': '0.08361', 'NX_10_CV_turn': '0.31700', 'NX_10_ctr': array([0.42746999]), 'NX_10_len_tra': 10.0, 'NX_10_R_tra': array([4.27469985]), 'NX_10_ifeat_feat': 0.806}]
[I 230118 17:47:10 user_model_ensemble:83] 
    
[I 230118 17:47:10 user_model_ensemble:86] ============ Summarized results =============
[I 230118 17:47:10 user_model_ensemble:88] {}
