[I 230118 17:11:26 run_worldModel_ensemble:312] {
      "env": "KuaiRand-v0",
      "resume": false,
      "optimizer": "adam",
      "seed": 0,
      "bpr_weight": 0.5,
      "neg_K": 5,
      "n_models": 1,
      "is_softmax": false,
      "num_trajectory": 200,
      "force_length": 10,
      "top_rate": 0.8,
      "deterministic": true,
      "loss": "pointneg",
      "rankingK": [
        20,
        10,
        5
      ],
      "max_turn": 30,
      "is_all_item_ranking": false,
      "l2_reg_dnn": 0.1,
      "lambda_ab": 10,
      "epsilon": 0,
      "is_ucb": true,
      "dnn_activation": "relu",
      "feature_dim": 4,
      "entity_dim": 4,
      "user_model_name": "LinUCB",
      "dnn": [
        128,
        128
      ],
      "dnn_var": [],
      "batch_size": 4096,
      "epoch": 3,
      "cuda": 3,
      "tau": 0,
      "is_ab": false,
      "message": "UCB-leave4",
      "all_item_ranking": false,
      "yfeat": "is_click",
      "leave_threshold": 0.0,
      "num_leave_compute": 4,
      "is_userinfo": false,
      "is_binarize": true,
      "need_transform": false,
      "entropy_window": [
        1,
        2
      ],
      "rating_threshold": 1
    }
[I 230118 17:18:58 utils:50] Epoch: [-1], Info: [{'MAE': 0.49171014775322536, 'MSE': 0.24187398797635934, 'RMSE': 0.4918068604405182, 'Recall@20': 0.6845512059842538, 'Recall@10': 0.44043876560878775, 'Recall@5': 0.21616199296763636, 'Precision@20': 0.20088679537979806, 'Precision@10': 0.1982546974890007, 'Precision@5': 0.1965609275869613, 'NDCG@20': 0.40903563762337664, 'NDCG@10': 0.32172746677525, 'NDCG@5': 0.24153529709288515, 'HT@20': 0.9498577991686721, 'HT@10': 0.8255523955370816, 'HT@5': 0.608313279369941, 'MAP@20': 0.22955492867902644, 'MAP@10': 0.17547792862229147, 'MAP@5': 0.11679583130236534, 'MRR@20': 0.37932544084458764, 'MRR@10': 0.37023578599381907, 'MRR@5': 0.3410231167505079, 'click_loss': 4.51933925339627, 'CV': '0.09745', 'CV_turn': '1.00000', 'ctr': 0.20603885407986797, 'len_tra': 3.695, 'R_tra': 0.7613135658251121, 'ifeat_feat': 0.7009472259810555, 'NX_0_click_loss': 1.818491207955615, 'NX_0_CV': '0.02664', 'NX_0_CV_turn': '0.37338', 'NX_0_ctr': 0.24685019316657855, 'NX_0_len_tra': 2.705, 'NX_0_R_tra': 0.667729772515595, 'NX_0_ifeat_feat': 0.878003696857671, 'NX_10_click_loss': array([0.71083492]), 'NX_10_CV': '0.02783', 'NX_10_CV_turn': '0.10550', 'NX_10_ctr': array([0.21458996]), 'NX_10_len_tra': 10.0, 'NX_10_R_tra': array([2.1458996]), 'NX_10_ifeat_feat': 0.871}]
[I 230118 17:28:47 utils:50] Epoch: [0], Info: [{'loss': 0.27254881494141653, 'MAE': 0.24012240580485936, 'MSE': 0.1487489161593812, 'RMSE': 0.3856798104119286, 'Recall@20': 0.7324787733335325, 'Recall@10': 0.5173789541198508, 'Recall@5': 0.30143186590015186, 'Precision@20': 0.23046721657060054, 'Precision@10': 0.25500425387102266, 'Precision@5': 0.28706409975935243, 'NDCG@20': 0.49893641159265745, 'NDCG@10': 0.42872330491458566, 'NDCG@5': 0.3641256094314955, 'HT@20': 0.9695033909429009, 'HT@10': 0.8916648435790855, 'HT@5': 0.7435134543863487, 'MAP@20': 0.3084359246922748, 'MAP@10': 0.25290905955814136, 'MAP@5': 0.18623814179809356, 'MRR@20': 0.5153219185327029, 'MRR@10': 0.5095989033694249, 'MRR@5': 0.48955735433531294, 'click_loss': 4.310435385345442, 'CV': '0.09416', 'CV_turn': '1.00000', 'ctr': 0.40022321834414154, 'len_tra': 3.57, 'R_tra': 1.4287968894885852, 'ifeat_feat': 0.8361344537815126, 'NX_0_click_loss': 1.1626138314454733, 'NX_0_CV': '0.02769', 'NX_0_CV_turn': '0.26022', 'NX_0_ctr': 0.5320263981802996, 'NX_0_len_tra': 4.035, 'NX_0_R_tra': 2.146726516657509, 'NX_0_ifeat_feat': 0.6964064436183395, 'NX_10_click_loss': array([0.55738711]), 'NX_10_CV': '0.02901', 'NX_10_CV_turn': '0.11000', 'NX_10_ctr': array([0.54165284]), 'NX_10_len_tra': 10.0, 'NX_10_R_tra': array([5.4165284]), 'NX_10_ifeat_feat': 0.8695}]
[I 230118 17:38:34 utils:50] Epoch: [1], Info: [{'loss': 0.2626884885513881, 'MAE': 0.23908849614272326, 'MSE': 0.14934443946277395, 'RMSE': 0.3864510828847216, 'Recall@20': 0.7347269197001505, 'Recall@10': 0.5223188750729245, 'Recall@5': 0.30396855518468874, 'Precision@20': 0.2308478772575399, 'Precision@10': 0.25668052213228326, 'Precision@5': 0.28838328593305623, 'NDCG@20': 0.5013676640999358, 'NDCG@10': 0.4322123260621781, 'NDCG@5': 0.36668398499140586, 'HT@20': 0.971122292714942, 'HT@10': 0.8945963684095384, 'HT@5': 0.7493327499453074, 'MAP@20': 0.31039777116393896, 'MAP@10': 0.25527917314901305, 'MAP@5': 0.18770131801418788, 'MRR@20': 0.5190812768855341, 'MRR@10': 0.5134523896337683, 'MRR@5': 0.49379639757895466, 'click_loss': 4.358030022271991, 'CV': '0.09455', 'CV_turn': '1.00000', 'ctr': 0.25824332636205616, 'len_tra': 3.585, 'R_tra': 0.9258023250079713, 'ifeat_feat': 0.7140864714086471, 'NX_0_click_loss': 1.0080658775849227, 'NX_0_CV': '0.02822', 'NX_0_CV_turn': '0.22039', 'NX_0_ctr': 0.5189240320655685, 'NX_0_len_tra': 4.855, 'NX_0_R_tra': 2.5193761756783353, 'NX_0_ifeat_feat': 0.7384140061791967, 'NX_10_click_loss': array([0.57231592]), 'NX_10_CV': '0.02994', 'NX_10_CV_turn': '0.11350', 'NX_10_ctr': array([0.5157025]), 'NX_10_len_tra': 10.0, 'NX_10_R_tra': array([5.157025]), 'NX_10_ifeat_feat': 0.877}]
[I 230118 17:47:33 utils:50] Epoch: [2], Info: [{'loss': 0.25530092393437076, 'MAE': 0.22410284794525928, 'MSE': 0.15357296003496107, 'RMSE': 0.3918838603910106, 'Recall@20': 0.7427646098089636, 'Recall@10': 0.5321234902248289, 'Recall@5': 0.3150101969285968, 'Precision@20': 0.23424964354155015, 'Precision@10': 0.2617200223632077, 'Precision@5': 0.2956749070225334, 'NDCG@20': 0.51187618490747, 'NDCG@10': 0.44335229577198815, 'NDCG@5': 0.3781551066794475, 'HT@20': 0.9739663093415007, 'HT@10': 0.9028221395755852, 'HT@5': 0.7598337344126012, 'MAP@20': 0.320525596413805, 'MAP@10': 0.26482003988398445, 'MAP@5': 0.19635125822279667, 'MRR@20': 0.528340350848957, 'MRR@10': 0.5231206571449575, 'MRR@5': 0.5036439874571731, 'click_loss': 4.3800638649408326, 'CV': '0.12607', 'CV_turn': '1.00000', 'ctr': 0.20335991316215354, 'len_tra': 4.78, 'R_tra': 0.972060384915094, 'ifeat_feat': 0.700836820083682, 'NX_0_click_loss': 1.2980259533490344, 'NX_0_CV': '0.03007', 'NX_0_CV_turn': '0.30441', 'NX_0_ctr': 0.43002098863098887, 'NX_0_len_tra': 3.745, 'NX_0_R_tra': 1.6104286024230532, 'NX_0_ifeat_feat': 0.8010680907877169, 'NX_10_click_loss': array([0.58686637]), 'NX_10_CV': '0.03666', 'NX_10_CV_turn': '0.13900', 'NX_10_ctr': array([0.45595502]), 'NX_10_len_tra': 10.0, 'NX_10_R_tra': array([4.5595502]), 'NX_10_ifeat_feat': 0.901}]
[I 230118 17:47:34 user_model_ensemble:83] 
    
[I 230118 17:47:34 user_model_ensemble:86] ============ Summarized results =============
[I 230118 17:47:34 user_model_ensemble:88] {}
