[I 230118 17:11:26 run_worldModel_ensemble:312] {
      "env": "KuaiRand-v0",
      "resume": false,
      "optimizer": "adam",
      "seed": 0,
      "bpr_weight": 0.5,
      "neg_K": 5,
      "n_models": 1,
      "is_softmax": false,
      "num_trajectory": 200,
      "force_length": 10,
      "top_rate": 0.8,
      "deterministic": true,
      "loss": "pointneg",
      "rankingK": [
        20,
        10,
        5
      ],
      "max_turn": 30,
      "is_all_item_ranking": false,
      "l2_reg_dnn": 0.1,
      "lambda_ab": 10,
      "epsilon": 0,
      "is_ucb": true,
      "dnn_activation": "relu",
      "feature_dim": 4,
      "entity_dim": 4,
      "user_model_name": "LinUCB",
      "dnn": [
        128,
        128
      ],
      "dnn_var": [],
      "batch_size": 4096,
      "epoch": 3,
      "cuda": 7,
      "tau": 0,
      "is_ab": false,
      "message": "UCB-leave8",
      "all_item_ranking": false,
      "yfeat": "is_click",
      "leave_threshold": 0.0,
      "num_leave_compute": 8,
      "is_userinfo": false,
      "is_binarize": true,
      "need_transform": false,
      "entropy_window": [
        1,
        2
      ],
      "rating_threshold": 1
    }
[I 230118 17:18:56 utils:50] Epoch: [-1], Info: [{'MAE': 0.49171014775322536, 'MSE': 0.24187398797635934, 'RMSE': 0.4918068604405182, 'Recall@20': 0.6845512059842538, 'Recall@10': 0.44043876560878775, 'Recall@5': 0.21616199296763636, 'Precision@20': 0.20088679537979806, 'Precision@10': 0.1982546974890007, 'Precision@5': 0.1965609275869613, 'NDCG@20': 0.40903563762337664, 'NDCG@10': 0.32172746677525, 'NDCG@5': 0.24153529709288515, 'HT@20': 0.9498577991686721, 'HT@10': 0.8255523955370816, 'HT@5': 0.608313279369941, 'MAP@20': 0.22955492867902644, 'MAP@10': 0.17547792862229147, 'MAP@5': 0.11679583130236534, 'MRR@20': 0.37932544084458764, 'MRR@10': 0.37023578599381907, 'MRR@5': 0.3410231167505079, 'click_loss': 4.517718336362091, 'CV': '0.08875', 'CV_turn': '1.00000', 'ctr': 0.20669402128564993, 'len_tra': 3.365, 'R_tra': 0.695525381626212, 'ifeat_feat': 0.711738484398217, 'NX_0_click_loss': 1.815669218718004, 'NX_0_CV': '0.02664', 'NX_0_CV_turn': '0.37201', 'NX_0_ctr': 0.24406278104063392, 'NX_0_len_tra': 2.715, 'NX_0_R_tra': 0.6626304505253211, 'NX_0_ifeat_feat': 0.8637200736648251, 'NX_10_click_loss': array([0.71094851]), 'NX_10_CV': '0.02783', 'NX_10_CV_turn': '0.10550', 'NX_10_ctr': array([0.21432407]), 'NX_10_len_tra': 10.0, 'NX_10_R_tra': array([2.14324069]), 'NX_10_ifeat_feat': 0.871}]
[I 230118 17:28:59 utils:50] Epoch: [0], Info: [{'loss': 0.2726037360557139, 'MAE': 0.2389186375231576, 'MSE': 0.1488944887054814, 'RMSE': 0.3858684862818955, 'Recall@20': 0.7339677451957395, 'Recall@10': 0.5194810107555238, 'Recall@5': 0.3017963317671588, 'Precision@20': 0.23082818791166376, 'Precision@10': 0.2561681129828144, 'Precision@5': 0.28755414570115956, 'NDCG@20': 0.5006086658273874, 'NDCG@10': 0.43084314950241465, 'NDCG@5': 0.3654616074782685, 'HT@20': 0.970290964777948, 'HT@10': 0.8923649092102385, 'HT@5': 0.7449135856486545, 'MAP@20': 0.3098971075239758, 'MAP@10': 0.25453500894216113, 'MAP@5': 0.18702017702443516, 'MRR@20': 0.5176887927156301, 'MRR@10': 0.5119610866296638, 'MRR@5': 0.49205352585139445, 'click_loss': 4.2997875257739455, 'CV': '0.08598', 'CV_turn': '1.00000', 'ctr': 0.3923788567757851, 'len_tra': 3.26, 'R_tra': 1.2791550730890595, 'ifeat_feat': 0.8251533742331288, 'NX_0_click_loss': 0.9824472250449054, 'NX_0_CV': '0.02809', 'NX_0_CV_turn': '0.21646', 'NX_0_ctr': 0.5434085362187655, 'NX_0_len_tra': 4.92, 'NX_0_R_tra': 2.673569998196326, 'NX_0_ifeat_feat': 0.7550813008130082, 'NX_10_click_loss': array([0.55869756]), 'NX_10_CV': '0.02914', 'NX_10_CV_turn': '0.11050', 'NX_10_ctr': array([0.53765341]), 'NX_10_len_tra': 10.0, 'NX_10_R_tra': array([5.37653407]), 'NX_10_ifeat_feat': 0.864}]
[I 230118 17:39:01 utils:50] Epoch: [1], Info: [{'loss': 0.26276846275329324, 'MAE': 0.23828819185069483, 'MSE': 0.14915522257343083, 'RMSE': 0.3862061917854643, 'Recall@20': 0.7346002981783055, 'Recall@10': 0.521300444936889, 'Recall@5': 0.3045505949044176, 'Precision@20': 0.23069473790072523, 'Precision@10': 0.2564354991613797, 'Precision@5': 0.28828046379348066, 'NDCG@20': 0.5014692866058004, 'NDCG@10': 0.4321093927324011, 'NDCG@5': 0.3671268506618645, 'HT@20': 0.9711660468168891, 'HT@10': 0.895033909429009, 'HT@5': 0.7501640778823014, 'MAP@20': 0.3105712598444868, 'MAP@10': 0.2553579532794599, 'MAP@5': 0.18811902186778634, 'MRR@20': 0.5199224541843321, 'MRR@10': 0.5143370906300405, 'MRR@5': 0.4948311820900019, 'click_loss': 4.353858442453374, 'CV': '0.08888', 'CV_turn': '1.00000', 'ctr': 0.26943119289077133, 'len_tra': 3.37, 'R_tra': 0.9079831200418994, 'ifeat_feat': 0.7270029673590505, 'NX_0_click_loss': 0.9793158374693445, 'NX_0_CV': '0.02796', 'NX_0_CV_turn': '0.21074', 'NX_0_ctr': 0.5235224558766302, 'NX_0_len_tra': 5.03, 'NX_0_R_tra': 2.63331795305945, 'NX_0_ifeat_feat': 0.7455268389662028, 'NX_10_click_loss': array([0.56778285]), 'NX_10_CV': '0.02941', 'NX_10_CV_turn': '0.11150', 'NX_10_ctr': array([0.53045382]), 'NX_10_len_tra': 10.0, 'NX_10_R_tra': array([5.3045382]), 'NX_10_ifeat_feat': 0.851}]
[I 230118 17:47:41 utils:50] Epoch: [2], Info: [{'loss': 0.25531398153354196, 'MAE': 0.22502196476913544, 'MSE': 0.15315130194219728, 'RMSE': 0.3913455020083881, 'Recall@20': 0.7430305031829163, 'Recall@10': 0.5325743024333109, 'Recall@5': 0.31501001582230687, 'Precision@20': 0.23413381031376396, 'Precision@10': 0.2618255183645689, 'Precision@5': 0.29565740538175456, 'NDCG@20': 0.511400642138021, 'NDCG@10': 0.44311924996623947, 'NDCG@5': 0.377859962324918, 'HT@20': 0.974185079851236, 'HT@10': 0.9025596149639029, 'HT@5': 0.7600962590242836, 'MAP@20': 0.31972590970027265, 'MAP@10': 0.2641477733392244, 'MAP@5': 0.19561479984327412, 'MRR@20': 0.5288597908261846, 'MRR@10': 0.5236253572383691, 'MRR@5': 0.5042288339531986, 'click_loss': 4.3985429119058645, 'CV': '0.11381', 'CV_turn': '1.00000', 'ctr': 0.20363639436310388, 'len_tra': 4.315, 'R_tra': 0.8786910416767932, 'ifeat_feat': 0.7242178447276941, 'NX_0_click_loss': 1.1191252641025653, 'NX_0_CV': '0.03007', 'NX_0_CV_turn': '0.26117', 'NX_0_ctr': 0.4689927352069614, 'NX_0_len_tra': 4.365, 'NX_0_R_tra': 2.0471532891783863, 'NX_0_ifeat_feat': 0.8178694158075601, 'NX_10_click_loss': array([0.57844899]), 'NX_10_CV': '0.03745', 'NX_10_CV_turn': '0.14200', 'NX_10_ctr': array([0.46729394]), 'NX_10_len_tra': 10.0, 'NX_10_R_tra': array([4.67293937]), 'NX_10_ifeat_feat': 0.895}]
[I 230118 17:47:41 user_model_ensemble:83] 
    
[I 230118 17:47:41 user_model_ensemble:86] ============ Summarized results =============
[I 230118 17:47:41 user_model_ensemble:88] {}
