[I 230118 17:11:26 run_worldModel_ensemble:312] {
      "env": "KuaiRand-v0",
      "resume": false,
      "optimizer": "adam",
      "seed": 0,
      "bpr_weight": 0.5,
      "neg_K": 5,
      "n_models": 1,
      "is_softmax": false,
      "num_trajectory": 200,
      "force_length": 10,
      "top_rate": 0.8,
      "deterministic": true,
      "loss": "pointneg",
      "rankingK": [
        20,
        10,
        5
      ],
      "max_turn": 30,
      "is_all_item_ranking": false,
      "l2_reg_dnn": 0.1,
      "lambda_ab": 10,
      "epsilon": 0,
      "is_ucb": true,
      "dnn_activation": "relu",
      "feature_dim": 4,
      "entity_dim": 4,
      "user_model_name": "LinUCB",
      "dnn": [
        128,
        128
      ],
      "dnn_var": [],
      "batch_size": 4096,
      "epoch": 3,
      "cuda": 6,
      "tau": 0,
      "is_ab": false,
      "message": "UCB-leave7",
      "all_item_ranking": false,
      "yfeat": "is_click",
      "leave_threshold": 0.0,
      "num_leave_compute": 7,
      "is_userinfo": false,
      "is_binarize": true,
      "need_transform": false,
      "entropy_window": [
        1,
        2
      ],
      "rating_threshold": 1
    }
[I 230118 17:18:55 utils:50] Epoch: [-1], Info: [{'MAE': 0.49171014775322536, 'MSE': 0.24187398797635934, 'RMSE': 0.4918068604405182, 'Recall@20': 0.6845512059842538, 'Recall@10': 0.44043876560878775, 'Recall@5': 0.21616199296763636, 'Precision@20': 0.20088679537979806, 'Precision@10': 0.1982546974890007, 'Precision@5': 0.1965609275869613, 'NDCG@20': 0.40903563762337664, 'NDCG@10': 0.32172746677525, 'NDCG@5': 0.24153529709288515, 'HT@20': 0.9498577991686721, 'HT@10': 0.8255523955370816, 'HT@5': 0.608313279369941, 'MAP@20': 0.22955492867902644, 'MAP@10': 0.17547792862229147, 'MAP@5': 0.11679583130236534, 'MRR@20': 0.37932544084458764, 'MRR@10': 0.37023578599381907, 'MRR@5': 0.3410231167505079, 'click_loss': 4.517652673590462, 'CV': '0.09073', 'CV_turn': '1.00000', 'ctr': 0.20697902542823887, 'len_tra': 3.44, 'R_tra': 0.7120078474731417, 'ifeat_feat': 0.7063953488372093, 'NX_0_click_loss': 1.8196199036008798, 'NX_0_CV': '0.02664', 'NX_0_CV_turn': '0.37338', 'NX_0_ctr': 0.24612063655454164, 'NX_0_len_tra': 2.705, 'NX_0_R_tra': 0.6657563218800351, 'NX_0_ifeat_feat': 0.8687615526802218, 'NX_10_click_loss': array([0.71117226]), 'NX_10_CV': '0.02783', 'NX_10_CV_turn': '0.10550', 'NX_10_ctr': array([0.21413134]), 'NX_10_len_tra': 10.0, 'NX_10_R_tra': array([2.14131339]), 'NX_10_ifeat_feat': 0.871}]
[I 230118 17:29:08 utils:50] Epoch: [0], Info: [{'loss': 0.2726216439705579, 'MAE': 0.2389973954681913, 'MSE': 0.14889478532949516, 'RMSE': 0.3858688706406558, 'Recall@20': 0.7326132921118383, 'Recall@10': 0.5180035231242114, 'Recall@5': 0.29909443910221656, 'Precision@20': 0.23060953254430203, 'Precision@10': 0.25522302438075795, 'Precision@5': 0.28636403412819955, 'NDCG@20': 0.4993188861355499, 'NDCG@10': 0.4293811885773544, 'NDCG@5': 0.36393763297144266, 'HT@20': 0.9694158827390068, 'HT@10': 0.8910522861518267, 'HT@5': 0.7421570772259899, 'MAP@20': 0.30851055855214987, 'MAP@10': 0.2532006982415491, 'MAP@5': 0.18576332298452597, 'MRR@20': 0.5173209516775655, 'MRR@10': 0.5115746615134205, 'MRR@5': 0.4914438853642652, 'click_loss': 4.3159328819580685, 'CV': '0.10181', 'CV_turn': '1.00000', 'ctr': 0.3896423383673817, 'len_tra': 3.86, 'R_tra': 1.5040194260980935, 'ifeat_feat': 0.8484455958549223, 'NX_0_click_loss': 0.9126849012089113, 'NX_0_CV': '0.02835', 'NX_0_CV_turn': '0.20360', 'NX_0_ctr': 0.5362894719488175, 'NX_0_len_tra': 5.28, 'NX_0_R_tra': 2.831608411889756, 'NX_0_ifeat_feat': 0.7642045454545454, 'NX_10_click_loss': array([0.55400905]), 'NX_10_CV': '0.02901', 'NX_10_CV_turn': '0.11000', 'NX_10_ctr': array([0.54205786]), 'NX_10_len_tra': 10.0, 'NX_10_R_tra': array([5.4205786]), 'NX_10_ifeat_feat': 0.853}]
[I 230118 17:39:12 utils:50] Epoch: [1], Info: [{'loss': 0.2628345079066105, 'MAE': 0.23699445930166047, 'MSE': 0.1493690801664184, 'RMSE': 0.3864829623235912, 'Recall@20': 0.7349203294542613, 'Recall@10': 0.5226258677931755, 'Recall@5': 0.30668249658838054, 'Precision@20': 0.23100757972964672, 'Precision@10': 0.2569736746153285, 'Precision@5': 0.2896805950557865, 'NDCG@20': 0.5019690754008078, 'NDCG@10': 0.43297659704300046, 'NDCG@5': 0.368565490662178, 'HT@20': 0.9712535550207831, 'HT@10': 0.8956464668562678, 'HT@5': 0.7521767665718662, 'MAP@20': 0.3109486350942526, 'MAP@10': 0.25582143780357314, 'MAP@5': 0.1886526070273925, 'MRR@20': 0.5201606883564803, 'MRR@10': 0.5146173599608477, 'MRR@5': 0.49527528622476513, 'click_loss': 4.351055841129381, 'CV': '0.09152', 'CV_turn': '1.00000', 'ctr': 0.26040212511721067, 'len_tra': 3.47, 'R_tra': 0.903595374156721, 'ifeat_feat': 0.6873198847262247, 'NX_0_click_loss': 0.9547634149750251, 'NX_0_CV': '0.02822', 'NX_0_CV_turn': '0.20696', 'NX_0_ctr': 0.5225139107758708, 'NX_0_len_tra': 5.17, 'NX_0_R_tra': 2.7013969187112523, 'NX_0_ifeat_feat': 0.7611218568665378, 'NX_10_click_loss': array([0.56416017]), 'NX_10_CV': '0.02928', 'NX_10_CV_turn': '0.11100', 'NX_10_ctr': array([0.51919663]), 'NX_10_len_tra': 10.0, 'NX_10_R_tra': array([5.19196632]), 'NX_10_ifeat_feat': 0.872}]
[I 230118 17:47:44 utils:50] Epoch: [2], Info: [{'loss': 0.2562648896722595, 'MAE': 0.22498247228993914, 'MSE': 0.15304012508358955, 'RMSE': 0.3912034318402505, 'Recall@20': 0.7440204322802006, 'Recall@10': 0.5338918943677203, 'Recall@5': 0.31694622767130076, 'Precision@20': 0.23445759066817218, 'Precision@10': 0.2626301076837065, 'Precision@5': 0.29691752351782985, 'NDCG@20': 0.5129401362813486, 'NDCG@10': 0.44476414211818793, 'NDCG@5': 0.37971114287356494, 'HT@20': 0.9739663093415007, 'HT@10': 0.901159483701597, 'HT@5': 0.7638153576897834, 'MAP@20': 0.32129526145231924, 'MAP@10': 0.26577374998405173, 'MAP@5': 0.1968450978632754, 'MRR@20': 0.5300684844788178, 'MRR@10': 0.5247068996051886, 'MRR@5': 0.5059454532195881, 'click_loss': 4.387963743358538, 'CV': '0.11803', 'CV_turn': '1.00000', 'ctr': 0.2045427148813101, 'len_tra': 4.475, 'R_tra': 0.9153286490938626, 'ifeat_feat': 0.6972067039106146, 'NX_0_click_loss': 1.4558683996488626, 'NX_0_CV': '0.02928', 'NX_0_CV_turn': '0.33841', 'NX_0_ctr': 0.4005003179750574, 'NX_0_len_tra': 3.28, 'NX_0_R_tra': 1.3136410429581884, 'NX_0_ifeat_feat': 0.8155487804878049, 'NX_10_click_loss': array([0.57764608]), 'NX_10_CV': '0.03468', 'NX_10_CV_turn': '0.13150', 'NX_10_ctr': array([0.45972781]), 'NX_10_len_tra': 10.0, 'NX_10_R_tra': array([4.59727807]), 'NX_10_ifeat_feat': 0.9065}]
[I 230118 17:47:44 user_model_ensemble:83] 
    
[I 230118 17:47:44 user_model_ensemble:86] ============ Summarized results =============
[I 230118 17:47:44 user_model_ensemble:88] {}
