[I 230118 17:11:26 run_worldModel_ensemble:312] {
      "env": "KuaiRand-v0",
      "resume": false,
      "optimizer": "adam",
      "seed": 0,
      "bpr_weight": 0.5,
      "neg_K": 5,
      "n_models": 1,
      "is_softmax": false,
      "num_trajectory": 200,
      "force_length": 10,
      "top_rate": 0.8,
      "deterministic": true,
      "loss": "pointneg",
      "rankingK": [
        20,
        10,
        5
      ],
      "max_turn": 30,
      "is_all_item_ranking": false,
      "l2_reg_dnn": 0.1,
      "lambda_ab": 10,
      "epsilon": 0,
      "is_ucb": true,
      "dnn_activation": "relu",
      "feature_dim": 4,
      "entity_dim": 4,
      "user_model_name": "LinUCB",
      "dnn": [
        128,
        128
      ],
      "dnn_var": [],
      "batch_size": 4096,
      "epoch": 3,
      "cuda": 1,
      "tau": 0,
      "is_ab": false,
      "message": "UCB-leave10",
      "all_item_ranking": false,
      "yfeat": "is_click",
      "leave_threshold": 0.0,
      "num_leave_compute": 10,
      "is_userinfo": false,
      "is_binarize": true,
      "need_transform": false,
      "entropy_window": [
        1,
        2
      ],
      "rating_threshold": 1
    }
[I 230118 17:18:54 utils:50] Epoch: [-1], Info: [{'MAE': 0.49171014775322536, 'MSE': 0.24187398797635934, 'RMSE': 0.4918068604405182, 'Recall@20': 0.6845512059842538, 'Recall@10': 0.44043876560878775, 'Recall@5': 0.21616199296763636, 'Precision@20': 0.20088679537979806, 'Precision@10': 0.1982546974890007, 'Precision@5': 0.1965609275869613, 'NDCG@20': 0.40903563762337664, 'NDCG@10': 0.32172746677525, 'NDCG@5': 0.24153529709288515, 'HT@20': 0.9498577991686721, 'HT@10': 0.8255523955370816, 'HT@5': 0.608313279369941, 'MAP@20': 0.22955492867902644, 'MAP@10': 0.17547792862229147, 'MAP@5': 0.11679583130236534, 'MRR@20': 0.37932544084458764, 'MRR@10': 0.37023578599381907, 'MRR@5': 0.3410231167505079, 'click_loss': 4.5193577536308, 'CV': '0.08822', 'CV_turn': '1.00000', 'ctr': 0.20499654485104865, 'len_tra': 3.345, 'R_tra': 0.6857134425267577, 'ifeat_feat': 0.7085201793721974, 'NX_0_click_loss': 1.8216720029226265, 'NX_0_CV': '0.02664', 'NX_0_CV_turn': '0.37338', 'NX_0_ctr': 0.2434287409757758, 'NX_0_len_tra': 2.705, 'NX_0_R_tra': 0.6584747443394735, 'NX_0_ifeat_feat': 0.8650646950092421, 'NX_10_click_loss': array([0.7110015]), 'NX_10_CV': '0.02783', 'NX_10_CV_turn': '0.10550', 'NX_10_ctr': array([0.21425673]), 'NX_10_len_tra': 10.0, 'NX_10_R_tra': array([2.14256734]), 'NX_10_ifeat_feat': 0.8715}]
[I 230118 17:29:09 utils:50] Epoch: [0], Info: [{'loss': 0.27272418524957726, 'MAE': 0.23983482493321653, 'MSE': 0.14863623672721676, 'RMSE': 0.3855337037500311, 'Recall@20': 0.733014179047363, 'Recall@10': 0.5174616475357948, 'Recall@5': 0.3007393185866772, 'Precision@20': 0.23034470508514882, 'Precision@10': 0.25495661051556917, 'Precision@5': 0.28690658499234306, 'NDCG@20': 0.49951220535723473, 'NDCG@10': 0.42929239167819644, 'NDCG@5': 0.3647069778373077, 'HT@20': 0.9697221614526362, 'HT@10': 0.8910960402537738, 'HT@5': 0.7440385036097135, 'MAP@20': 0.30890466905135944, 'MAP@10': 0.2533918566203847, 'MAP@5': 0.18652552848918452, 'MRR@20': 0.5176020333044247, 'MRR@10': 0.511846614092309, 'MRR@5': 0.4920374826806803, 'click_loss': 4.300119864503326, 'CV': '0.09099', 'CV_turn': '1.00000', 'ctr': 0.39507310762461545, 'len_tra': 3.45, 'R_tra': 1.3630022213049233, 'ifeat_feat': 0.8449275362318841, 'NX_0_click_loss': 1.04114591061446, 'NX_0_CV': '0.02756', 'NX_0_CV_turn': '0.22992', 'NX_0_ctr': 0.546105453767071, 'NX_0_len_tra': 4.545, 'NX_0_R_tra': 2.4820492873713373, 'NX_0_ifeat_feat': 0.7304730473047305, 'NX_10_click_loss': array([0.55592338]), 'NX_10_CV': '0.02901', 'NX_10_CV_turn': '0.11000', 'NX_10_ctr': array([0.54974999]), 'NX_10_len_tra': 10.0, 'NX_10_R_tra': array([5.49749995]), 'NX_10_ifeat_feat': 0.87}]
[I 230118 17:39:18 utils:50] Epoch: [1], Info: [{'loss': 0.26300540080281204, 'MAE': 0.23758327863154113, 'MSE': 0.14923831632316265, 'RMSE': 0.3863137537328469, 'Recall@20': 0.7342333333830123, 'Recall@10': 0.5196280809455298, 'Recall@5': 0.30281420646211704, 'Precision@20': 0.23055910018468936, 'Precision@10': 0.25535039743309274, 'Precision@5': 0.2871341063224678, 'NDCG@20': 0.49975150662280815, 'NDCG@10': 0.4296179497186529, 'NDCG@5': 0.3645755983969009, 'HT@20': 0.9707285057974185, 'HT@10': 0.892802450229709, 'HT@5': 0.7465762415226428, 'MAP@20': 0.30901628210128523, 'MAP@10': 0.25354872772409204, 'MAP@5': 0.18655293477688828, 'MRR@20': 0.5161960411693407, 'MRR@10': 0.5104784823577369, 'MRR@5': 0.4906869394005824, 'click_loss': 4.342942077636933, 'CV': '0.08717', 'CV_turn': '1.00000', 'ctr': 0.26746669089430086, 'len_tra': 3.305, 'R_tra': 0.8839774134056643, 'ifeat_feat': 0.7231467473524962, 'NX_0_click_loss': 1.0116762560284447, 'NX_0_CV': '0.02769', 'NX_0_CV_turn': '0.21605', 'NX_0_ctr': 0.525818482791591, 'NX_0_len_tra': 4.86, 'NX_0_R_tra': 2.5554778263671323, 'NX_0_ifeat_feat': 0.7458847736625515, 'NX_10_click_loss': array([0.56917967]), 'NX_10_CV': '0.02967', 'NX_10_CV_turn': '0.11250', 'NX_10_ctr': array([0.53346827]), 'NX_10_len_tra': 10.0, 'NX_10_R_tra': array([5.3346827]), 'NX_10_ifeat_feat': 0.8635}]
[I 230118 17:47:35 utils:50] Epoch: [2], Info: [{'loss': 0.25932871100921595, 'MAE': 0.23375823110595598, 'MSE': 0.1525027283246206, 'RMSE': 0.3905159770414274, 'Recall@20': 0.7392501737680347, 'Recall@10': 0.5276991800843499, 'Recall@5': 0.30832458553858594, 'Precision@20': 0.23271836511577668, 'Precision@10': 0.25923090011910843, 'Precision@5': 0.29221833296871585, 'NDCG@20': 0.5070473104338263, 'NDCG@10': 0.43824280620856215, 'NDCG@5': 0.3727553646056516, 'HT@20': 0.9723474075694596, 'HT@10': 0.9014220083132793, 'HT@5': 0.7547145044847955, 'MAP@20': 0.31523729621430074, 'MAP@10': 0.2598288336667767, 'MAP@5': 0.19195154836293543, 'MRR@20': 0.525504031003985, 'MRR@10': 0.5203404833092158, 'MRR@5': 0.5004441041347767, 'click_loss': 4.398545602353342, 'CV': '0.09495', 'CV_turn': '1.00000', 'ctr': 0.1958273165173725, 'len_tra': 3.6, 'R_tra': 0.7049783394625411, 'ifeat_feat': 0.7180555555555556, 'NX_0_click_loss': 1.3653494940607707, 'NX_0_CV': '0.02862', 'NX_0_CV_turn': '0.31358', 'NX_0_ctr': 0.4768272984471452, 'NX_0_len_tra': 3.46, 'NX_0_R_tra': 1.6498224526271223, 'NX_0_ifeat_feat': 0.8280346820809249, 'NX_10_click_loss': array([0.57399507]), 'NX_10_CV': '0.03257', 'NX_10_CV_turn': '0.12350', 'NX_10_ctr': array([0.47062074]), 'NX_10_len_tra': 10.0, 'NX_10_R_tra': array([4.70620737]), 'NX_10_ifeat_feat': 0.8845}]
[I 230118 17:47:35 user_model_ensemble:83] 
    
[I 230118 17:47:35 user_model_ensemble:86] ============ Summarized results =============
[I 230118 17:47:35 user_model_ensemble:88] {}
