[I 230118 17:11:26 run_worldModel_ensemble:312] {
      "env": "KuaiRand-v0",
      "resume": false,
      "optimizer": "adam",
      "seed": 0,
      "bpr_weight": 0.5,
      "neg_K": 5,
      "n_models": 1,
      "is_softmax": false,
      "num_trajectory": 200,
      "force_length": 10,
      "top_rate": 0.8,
      "deterministic": true,
      "loss": "pointneg",
      "rankingK": [
        20,
        10,
        5
      ],
      "max_turn": 30,
      "is_all_item_ranking": false,
      "l2_reg_dnn": 0.1,
      "lambda_ab": 10,
      "epsilon": 0,
      "is_ucb": true,
      "dnn_activation": "relu",
      "feature_dim": 4,
      "entity_dim": 4,
      "user_model_name": "LinUCB",
      "dnn": [
        128,
        128
      ],
      "dnn_var": [],
      "batch_size": 4096,
      "epoch": 3,
      "cuda": 1,
      "tau": 0,
      "is_ab": false,
      "message": "UCB-leave2",
      "all_item_ranking": false,
      "yfeat": "is_click",
      "leave_threshold": 0.0,
      "num_leave_compute": 2,
      "is_userinfo": false,
      "is_binarize": true,
      "need_transform": false,
      "entropy_window": [
        1,
        2
      ],
      "rating_threshold": 1
    }
[I 230118 17:18:58 utils:50] Epoch: [-1], Info: [{'MAE': 0.49171014775322536, 'MSE': 0.24187398797635934, 'RMSE': 0.4918068604405182, 'Recall@20': 0.6845512059842538, 'Recall@10': 0.44043876560878775, 'Recall@5': 0.21616199296763636, 'Precision@20': 0.20088679537979806, 'Precision@10': 0.1982546974890007, 'Precision@5': 0.1965609275869613, 'NDCG@20': 0.40903563762337664, 'NDCG@10': 0.32172746677525, 'NDCG@5': 0.24153529709288515, 'HT@20': 0.9498577991686721, 'HT@10': 0.8255523955370816, 'HT@5': 0.608313279369941, 'MAP@20': 0.22955492867902644, 'MAP@10': 0.17547792862229147, 'MAP@5': 0.11679583130236534, 'MRR@20': 0.37932544084458764, 'MRR@10': 0.37023578599381907, 'MRR@5': 0.3410231167505079, 'click_loss': 4.521825089162273, 'CV': '0.09877', 'CV_turn': '1.00000', 'ctr': 0.2036985297319299, 'len_tra': 3.745, 'R_tra': 0.7628509938460775, 'ifeat_feat': 0.6995994659546061, 'NX_0_click_loss': 1.8262595712459526, 'NX_0_CV': '0.02664', 'NX_0_CV_turn': '0.37477', 'NX_0_ctr': 0.2451250440240639, 'NX_0_len_tra': 2.695, 'NX_0_R_tra': 0.6606119936448522, 'NX_0_ifeat_feat': 0.87569573283859, 'NX_10_click_loss': array([0.7104947]), 'NX_10_CV': '0.02783', 'NX_10_CV_turn': '0.10550', 'NX_10_ctr': array([0.21494914]), 'NX_10_len_tra': 10.0, 'NX_10_R_tra': array([2.14949144]), 'NX_10_ifeat_feat': 0.871}]
[I 230118 17:29:09 utils:50] Epoch: [0], Info: [{'loss': 0.2726349391502269, 'MAE': 0.2397338681443489, 'MSE': 0.14892566731835608, 'RMSE': 0.3859088847362238, 'Recall@20': 0.7327755265850481, 'Recall@10': 0.5188674966668614, 'Recall@5': 0.3014276069254633, 'Precision@20': 0.23050463784200265, 'Precision@10': 0.25573932278373324, 'Precision@5': 0.28758914898271715, 'NDCG@20': 0.4996815324796139, 'NDCG@10': 0.43011490478657327, 'NDCG@5': 0.3650474962595221, 'HT@20': 0.9700721942682127, 'HT@10': 0.8915773353751915, 'HT@5': 0.7442572741194488, 'MAP@20': 0.3091542335500464, 'MAP@10': 0.2540718970873681, 'MAP@5': 0.18698112207635056, 'MRR@20': 0.5169925299441771, 'MRR@10': 0.5112339177631391, 'MRR@5': 0.49138190038650703, 'click_loss': 4.31793540739896, 'CV': '0.09732', 'CV_turn': '1.00000', 'ctr': 0.39357089471869516, 'len_tra': 3.69, 'R_tra': 1.452276601511985, 'ifeat_feat': 0.8414634146341463, 'NX_0_click_loss': 0.9780107613146853, 'NX_0_CV': '0.02848', 'NX_0_CV_turn': '0.22063', 'NX_0_ctr': 0.5489638782466882, 'NX_0_len_tra': 4.895, 'NX_0_R_tra': 2.687178184017539, 'NX_0_ifeat_feat': 0.7425944841675178, 'NX_10_click_loss': array([0.55442142]), 'NX_10_CV': '0.02901', 'NX_10_CV_turn': '0.11000', 'NX_10_ctr': array([0.54971701]), 'NX_10_len_tra': 10.0, 'NX_10_R_tra': array([5.49717008]), 'NX_10_ifeat_feat': 0.8735}]
[I 230118 17:39:14 utils:50] Epoch: [1], Info: [{'loss': 0.2628713830015015, 'MAE': 0.23841094065829857, 'MSE': 0.1492619113310964, 'RMSE': 0.38634429118481406, 'Recall@20': 0.7350046519851685, 'Recall@10': 0.5217747671575489, 'Recall@5': 0.30422603631389705, 'Precision@20': 0.23104707356377258, 'Precision@10': 0.2565142565448844, 'Precision@5': 0.2887245679282433, 'NDCG@20': 0.5014150351459595, 'NDCG@10': 0.4318980234394439, 'NDCG@5': 0.36680918781208455, 'HT@20': 0.9709910304091008, 'HT@10': 0.8942025814920149, 'HT@5': 0.7501640778823014, 'MAP@20': 0.31036392582319183, 'MAP@10': 0.25506218490927135, 'MAP@5': 0.18752312507867638, 'MRR@20': 0.5189234663270204, 'MRR@10': 0.5132886763689839, 'MRR@5': 0.4937577481222353, 'click_loss': 4.338733086598158, 'CV': '0.10787', 'CV_turn': '1.00000', 'ctr': 0.26303021955556605, 'len_tra': 4.09, 'R_tra': 1.075793597982265, 'ifeat_feat': 0.6968215158924206, 'NX_0_click_loss': 1.0203882042671342, 'NX_0_CV': '0.02809', 'NX_0_CV_turn': '0.22164', 'NX_0_ctr': 0.5175484032849864, 'NX_0_len_tra': 4.805, 'NX_0_R_tra': 2.4868200777843597, 'NX_0_ifeat_feat': 0.7513007284079084, 'NX_10_click_loss': array([0.56964071]), 'NX_10_CV': '0.03007', 'NX_10_CV_turn': '0.11400', 'NX_10_ctr': array([0.51736745]), 'NX_10_len_tra': 10.0, 'NX_10_R_tra': array([5.17367448]), 'NX_10_ifeat_feat': 0.8685}]
[I 230118 17:47:54 utils:50] Epoch: [2], Info: [{'loss': 0.25744215576731566, 'MAE': 0.22822269721541225, 'MSE': 0.15169203115371466, 'RMSE': 0.3894766118186234, 'Recall@20': 0.7444459915364067, 'Recall@10': 0.5344532303761864, 'Recall@5': 0.31548416159088954, 'Precision@20': 0.23449455137008007, 'Precision@10': 0.26237195848221884, 'Precision@5': 0.29509735287683225, 'NDCG@20': 0.5126848635458271, 'NDCG@10': 0.4443610350059565, 'NDCG@5': 0.3780978694069778, 'HT@20': 0.974972653686283, 'HT@10': 0.9036097134106322, 'HT@5': 0.7613213738788012, 'MAP@20': 0.3210597697915372, 'MAP@10': 0.2654466224935534, 'MAP@5': 0.19635072441620594, 'MRR@20': 0.5290617908155334, 'MRR@10': 0.5237995749601703, 'MRR@5': 0.5043834317800792, 'click_loss': 4.398984478342016, 'CV': '0.14559', 'CV_turn': '1.00000', 'ctr': 0.1831623778899497, 'len_tra': 5.52, 'R_tra': 1.0110563259525225, 'ifeat_feat': 0.6902173913043478, 'NX_0_click_loss': 1.0796653625473462, 'NX_0_CV': '0.03059', 'NX_0_CV_turn': '0.25495', 'NX_0_ctr': 0.47347299891452377, 'NX_0_len_tra': 4.55, 'NX_0_R_tra': 2.154302145061083, 'NX_0_ifeat_feat': 0.8186813186813187, 'NX_10_click_loss': array([0.56999513]), 'NX_10_CV': '0.03429', 'NX_10_CV_turn': '0.13000', 'NX_10_ctr': array([0.46372217]), 'NX_10_len_tra': 10.0, 'NX_10_R_tra': array([4.63722167]), 'NX_10_ifeat_feat': 0.8815}]
[I 230118 17:47:54 user_model_ensemble:83] 
    
[I 230118 17:47:54 user_model_ensemble:86] ============ Summarized results =============
[I 230118 17:47:54 user_model_ensemble:88] {}
