[I 230118 17:11:26 run_worldModel_ensemble:312] {
      "env": "KuaiRand-v0",
      "resume": false,
      "optimizer": "adam",
      "seed": 0,
      "bpr_weight": 0.5,
      "neg_K": 5,
      "n_models": 1,
      "is_softmax": false,
      "num_trajectory": 200,
      "force_length": 10,
      "top_rate": 0.8,
      "deterministic": true,
      "loss": "pointneg",
      "rankingK": [
        20,
        10,
        5
      ],
      "max_turn": 30,
      "is_all_item_ranking": false,
      "l2_reg_dnn": 0.1,
      "lambda_ab": 10,
      "epsilon": 0,
      "is_ucb": true,
      "dnn_activation": "relu",
      "feature_dim": 4,
      "entity_dim": 4,
      "user_model_name": "LinUCB",
      "dnn": [
        128,
        128
      ],
      "dnn_var": [],
      "batch_size": 4096,
      "epoch": 3,
      "cuda": 2,
      "tau": 0,
      "is_ab": false,
      "message": "UCB-leave3",
      "all_item_ranking": false,
      "yfeat": "is_click",
      "leave_threshold": 0.0,
      "num_leave_compute": 3,
      "is_userinfo": false,
      "is_binarize": true,
      "need_transform": false,
      "entropy_window": [
        1,
        2
      ],
      "rating_threshold": 1
    }
[I 230118 17:18:59 utils:50] Epoch: [-1], Info: [{'MAE': 0.49171014775322536, 'MSE': 0.24187398797635934, 'RMSE': 0.4918068604405182, 'Recall@20': 0.6845512059842538, 'Recall@10': 0.44043876560878775, 'Recall@5': 0.21616199296763636, 'Precision@20': 0.20088679537979806, 'Precision@10': 0.1982546974890007, 'Precision@5': 0.1965609275869613, 'NDCG@20': 0.40903563762337664, 'NDCG@10': 0.32172746677525, 'NDCG@5': 0.24153529709288515, 'HT@20': 0.9498577991686721, 'HT@10': 0.8255523955370816, 'HT@5': 0.608313279369941, 'MAP@20': 0.22955492867902644, 'MAP@10': 0.17547792862229147, 'MAP@5': 0.11679583130236534, 'MRR@20': 0.37932544084458764, 'MRR@10': 0.37023578599381907, 'MRR@5': 0.3410231167505079, 'click_loss': 4.5165313788956665, 'CV': '0.09798', 'CV_turn': '1.00000', 'ctr': 0.20890535093081833, 'len_tra': 3.715, 'R_tra': 0.77608337870799, 'ifeat_feat': 0.7012113055181696, 'NX_0_click_loss': 1.8206428846766896, 'NX_0_CV': '0.02664', 'NX_0_CV_turn': '0.37407', 'NX_0_ctr': 0.2476275351372789, 'NX_0_len_tra': 2.7, 'NX_0_R_tra': 0.6685943448706531, 'NX_0_ifeat_feat': 0.8759259259259259, 'NX_10_click_loss': array([0.7108886]), 'NX_10_CV': '0.02783', 'NX_10_CV_turn': '0.10550', 'NX_10_ctr': array([0.2145434]), 'NX_10_len_tra': 10.0, 'NX_10_R_tra': array([2.14543397]), 'NX_10_ifeat_feat': 0.8715}]
[I 230118 17:29:10 utils:50] Epoch: [0], Info: [{'loss': 0.27250406166052965, 'MAE': 0.23981308710205027, 'MSE': 0.14899266642559056, 'RMSE': 0.38599568187428024, 'Recall@20': 0.733363451693029, 'Recall@10': 0.518325510829587, 'Recall@5': 0.30144391394703496, 'Precision@20': 0.23049128132667143, 'Precision@10': 0.2556693162206179, 'Precision@5': 0.2872566178079195, 'NDCG@20': 0.4997503811025755, 'NDCG@10': 0.4299067654255684, 'NDCG@5': 0.3649586035561976, 'HT@20': 0.9702034565740538, 'HT@10': 0.8913585648654562, 'HT@5': 0.7436884707941369, 'MAP@20': 0.3091401576745418, 'MAP@10': 0.2538317130325346, 'MAP@5': 0.18690591940472212, 'MRR@20': 0.5169964576388068, 'MRR@10': 0.5112235869335124, 'MRR@5': 0.4912695981915097, 'click_loss': 4.297440121865953, 'CV': '0.09772', 'CV_turn': '1.00000', 'ctr': 0.39162606683304574, 'len_tra': 3.705, 'R_tra': 1.4509745776164344, 'ifeat_feat': 0.8178137651821862, 'NX_0_click_loss': 0.9599240010785353, 'NX_0_CV': '0.02809', 'NX_0_CV_turn': '0.21131', 'NX_0_ctr': 0.5468644727638642, 'NX_0_len_tra': 5.04, 'NX_0_R_tra': 2.7561969427298756, 'NX_0_ifeat_feat': 0.7609126984126984, 'NX_10_click_loss': array([0.55887873]), 'NX_10_CV': '0.02914', 'NX_10_CV_turn': '0.11050', 'NX_10_ctr': array([0.52944833]), 'NX_10_len_tra': 10.0, 'NX_10_R_tra': array([5.29448325]), 'NX_10_ifeat_feat': 0.871}]
[I 230118 17:39:12 utils:50] Epoch: [1], Info: [{'loss': 0.26274580411638426, 'MAE': 0.24034604879181473, 'MSE': 0.14944316843449715, 'RMSE': 0.3865787997737294, 'Recall@20': 0.7337427776825989, 'Recall@10': 0.521371868288457, 'Recall@5': 0.30416518664822323, 'Precision@20': 0.23063566986309672, 'Precision@10': 0.2562736089841756, 'Precision@5': 0.28776197768540807, 'NDCG@20': 0.5011428583956515, 'NDCG@10': 0.4319625104526748, 'NDCG@5': 0.3666660431650008, 'HT@20': 0.9709035222052067, 'HT@10': 0.8943338437978561, 'HT@5': 0.7486764384161015, 'MAP@20': 0.3103756195973256, 'MAP@10': 0.25535912671312, 'MAP@5': 0.1879259820095747, 'MRR@20': 0.51963647926616, 'MRR@10': 0.5140227556055752, 'MRR@5': 0.49427988040546805, 'click_loss': 4.351013736508244, 'CV': '0.09956', 'CV_turn': '1.00000', 'ctr': 0.2614612778562386, 'len_tra': 3.775, 'R_tra': 0.9870163239073009, 'ifeat_feat': 0.7324503311258278, 'NX_0_click_loss': 1.0564475302111256, 'NX_0_CV': '0.02796', 'NX_0_CV_turn': '0.22919', 'NX_0_ctr': 0.5194413003249949, 'NX_0_len_tra': 4.625, 'NX_0_R_tra': 2.402416014003102, 'NX_0_ifeat_feat': 0.7286486486486486, 'NX_10_click_loss': array([0.5682337]), 'NX_10_CV': '0.02954', 'NX_10_CV_turn': '0.11200', 'NX_10_ctr': array([0.53744254]), 'NX_10_len_tra': 10.0, 'NX_10_R_tra': array([5.37442539]), 'NX_10_ifeat_feat': 0.864}]
[I 230118 17:47:48 utils:50] Epoch: [2], Info: [{'loss': 0.25730079944685397, 'MAE': 0.22597960993041968, 'MSE': 0.15295568262040882, 'RMSE': 0.391095490411752, 'Recall@20': 0.7423011969288267, 'Recall@10': 0.5311530962068344, 'Recall@5': 0.3141529720221899, 'Precision@20': 0.23361313650059395, 'Precision@10': 0.26100683050147067, 'Precision@5': 0.295219864362284, 'NDCG@20': 0.5108698047422721, 'NDCG@10': 0.44229178792031176, 'NDCG@5': 0.37734450698591376, 'HT@20': 0.9744476044629184, 'HT@10': 0.9020345657405382, 'HT@5': 0.7605775541457012, 'MAP@20': 0.3194225467236044, 'MAP@10': 0.2639241198211187, 'MAP@5': 0.19567107107520396, 'MRR@20': 0.5279844512261657, 'MRR@10': 0.5226690002187865, 'MRR@5': 0.5034981404506814, 'click_loss': 4.3842276532481455, 'CV': '0.12304', 'CV_turn': '1.00000', 'ctr': 0.19189681555219354, 'len_tra': 4.665, 'R_tra': 0.8951986445509829, 'ifeat_feat': 0.707395498392283, 'NX_0_click_loss': 1.3534038113877125, 'NX_0_CV': '0.02941', 'NX_0_CV_turn': '0.31948', 'NX_0_ctr': 0.44004167297809654, 'NX_0_len_tra': 3.49, 'NX_0_R_tra': 1.535745438693557, 'NX_0_ifeat_feat': 0.8108882521489972, 'NX_10_click_loss': array([0.5737996]), 'NX_10_CV': '0.03587', 'NX_10_CV_turn': '0.13600', 'NX_10_ctr': array([0.46928829]), 'NX_10_len_tra': 10.0, 'NX_10_R_tra': array([4.69288286]), 'NX_10_ifeat_feat': 0.875}]
[I 230118 17:47:48 user_model_ensemble:83] 
    
[I 230118 17:47:48 user_model_ensemble:86] ============ Summarized results =============
[I 230118 17:47:48 user_model_ensemble:88] {}
