[I 230118 17:11:26 run_worldModel_ensemble:312] {
      "env": "KuaiRand-v0",
      "resume": false,
      "optimizer": "adam",
      "seed": 0,
      "bpr_weight": 0.5,
      "neg_K": 5,
      "n_models": 1,
      "is_softmax": false,
      "num_trajectory": 200,
      "force_length": 10,
      "top_rate": 0.8,
      "deterministic": true,
      "loss": "pointneg",
      "rankingK": [
        20,
        10,
        5
      ],
      "max_turn": 30,
      "is_all_item_ranking": false,
      "l2_reg_dnn": 0.1,
      "lambda_ab": 10,
      "epsilon": 0,
      "is_ucb": true,
      "dnn_activation": "relu",
      "feature_dim": 4,
      "entity_dim": 4,
      "user_model_name": "LinUCB",
      "dnn": [
        128,
        128
      ],
      "dnn_var": [],
      "batch_size": 4096,
      "epoch": 3,
      "cuda": 0,
      "tau": 0,
      "is_ab": false,
      "message": "UCB-leave9",
      "all_item_ranking": false,
      "yfeat": "is_click",
      "leave_threshold": 0.0,
      "num_leave_compute": 9,
      "is_userinfo": false,
      "is_binarize": true,
      "need_transform": false,
      "entropy_window": [
        1,
        2
      ],
      "rating_threshold": 1
    }
[I 230118 17:17:20 utils:50] Epoch: [-1], Info: [{'MAE': 0.49171014775322536, 'MSE': 0.24187398797635934, 'RMSE': 0.4918068604405182, 'Recall@20': 0.6845512059842538, 'Recall@10': 0.44043876560878775, 'Recall@5': 0.21616199296763636, 'Precision@20': 0.20088679537979806, 'Precision@10': 0.1982546974890007, 'Precision@5': 0.1965609275869613, 'NDCG@20': 0.40903563762337664, 'NDCG@10': 0.32172746677525, 'NDCG@5': 0.24153529709288515, 'HT@20': 0.9498577991686721, 'HT@10': 0.8255523955370816, 'HT@5': 0.608313279369941, 'MAP@20': 0.22955492867902644, 'MAP@10': 0.17547792862229147, 'MAP@5': 0.11679583130236534, 'MRR@20': 0.37932544084458764, 'MRR@10': 0.37023578599381907, 'MRR@5': 0.3410231167505079, 'click_loss': 4.520838941838903, 'CV': '0.08690', 'CV_turn': '1.00000', 'ctr': 0.20336860704641332, 'len_tra': 3.295, 'R_tra': 0.6700995602179318, 'ifeat_feat': 0.7101669195751138, 'NX_0_click_loss': 1.8233042812957945, 'NX_0_CV': '0.02664', 'NX_0_CV_turn': '0.37407', 'NX_0_ctr': 0.2446767819200263, 'NX_0_len_tra': 2.7, 'NX_0_R_tra': 0.660627311184071, 'NX_0_ifeat_feat': 0.8648148148148148, 'NX_10_click_loss': array([0.71129956]), 'NX_10_CV': '0.02783', 'NX_10_CV_turn': '0.10550', 'NX_10_ctr': array([0.21393238]), 'NX_10_len_tra': 10.0, 'NX_10_R_tra': array([2.13932376]), 'NX_10_ifeat_feat': 0.87}]
[I 230118 17:23:37 utils:50] Epoch: [0], Info: [{'loss': 0.27257251492523715, 'MAE': 0.2386299668164923, 'MSE': 0.1489367834054039, 'RMSE': 0.38592328694366695, 'Recall@20': 0.7322513276953446, 'Recall@10': 0.5190051702316038, 'Recall@5': 0.301116034629614, 'Precision@20': 0.2305372231337158, 'Precision@10': 0.2558180801672379, 'Precision@5': 0.28703784729818427, 'NDCG@20': 0.49934146669212737, 'NDCG@10': 0.42999682511306975, 'NDCG@5': 0.3646758220059074, 'HT@20': 0.9697221614526362, 'HT@10': 0.8921898928024502, 'HT@5': 0.7428571428571429, 'MAP@20': 0.3087563188048075, 'MAP@10': 0.25364537236947315, 'MAP@5': 0.1864913837875674, 'MRR@20': 0.517440045974223, 'MRR@10': 0.5117769374212328, 'MRR@5': 0.49171516079633737, 'click_loss': 4.2953353593877095, 'CV': '0.08862', 'CV_turn': '1.00000', 'ctr': 0.40319930171799134, 'len_tra': 3.36, 'R_tra': 1.354749653772451, 'ifeat_feat': 0.8303571428571429, 'NX_0_click_loss': 1.0924249513920625, 'NX_0_CV': '0.02783', 'NX_0_CV_turn': '0.24506', 'NX_0_ctr': 0.5406788725743414, 'NX_0_len_tra': 4.305, 'NX_0_R_tra': 2.32762254643254, 'NX_0_ifeat_feat': 0.7212543554006968, 'NX_10_click_loss': array([0.5494378]), 'NX_10_CV': '0.02888', 'NX_10_CV_turn': '0.10950', 'NX_10_ctr': array([0.5407108]), 'NX_10_len_tra': 10.0, 'NX_10_R_tra': array([5.407108]), 'NX_10_ifeat_feat': 0.869}]
[I 230118 17:29:44 utils:50] Epoch: [1], Info: [{'loss': 0.2627744980082511, 'MAE': 0.23648749089176788, 'MSE': 0.14938964152877876, 'RMSE': 0.3865095620146787, 'Recall@20': 0.7359174512198122, 'Recall@10': 0.5245320733939688, 'Recall@5': 0.3061668725826559, 'Precision@20': 0.23139699123697552, 'Precision@10': 0.257441843506162, 'Precision@5': 0.29049442135200176, 'NDCG@20': 0.503095009581762, 'NDCG@10': 0.43427924156931946, 'NDCG@5': 0.3694203546549301, 'HT@20': 0.9714723255305184, 'HT@10': 0.896521548895209, 'HT@5': 0.7517829796543426, 'MAP@20': 0.31188608446088395, 'MAP@10': 0.256765810604364, 'MAP@5': 0.18906370878305617, 'MRR@20': 0.5218977327063927, 'MRR@10': 0.5164031523788856, 'MRR@5': 0.4967840735069052, 'click_loss': 4.343754338788141, 'CV': '0.08730', 'CV_turn': '1.00000', 'ctr': 0.2765921015011743, 'len_tra': 3.31, 'R_tra': 0.915519855968887, 'ifeat_feat': 0.7069486404833837, 'NX_0_click_loss': 1.0227413236824339, 'NX_0_CV': '0.02796', 'NX_0_CV_turn': '0.22153', 'NX_0_ctr': 0.516520958225454, 'NX_0_len_tra': 4.785, 'NX_0_R_tra': 2.471552785108797, 'NX_0_ifeat_feat': 0.735632183908046, 'NX_10_click_loss': array([0.5680328]), 'NX_10_CV': '0.03007', 'NX_10_CV_turn': '0.11400', 'NX_10_ctr': array([0.52340546]), 'NX_10_len_tra': 10.0, 'NX_10_R_tra': array([5.23405459]), 'NX_10_ifeat_feat': 0.87}]
[I 230118 17:36:08 utils:50] Epoch: [2], Info: [{'loss': 0.2552538477047909, 'MAE': 0.2266451600232385, 'MSE': 0.1535044008983366, 'RMSE': 0.39179637683155855, 'Recall@20': 0.7422124793379317, 'Recall@10': 0.5317364744903071, 'Recall@5': 0.31496187261686603, 'Precision@20': 0.23364583693468072, 'Precision@10': 0.26102433214224946, 'Precision@5': 0.29533143732224904, 'NDCG@20': 0.5111293721097092, 'NDCG@10': 0.4426474352668746, 'NDCG@5': 0.3778400304645779, 'HT@20': 0.9739663093415007, 'HT@10': 0.9014220083132793, 'HT@5': 0.7602712754320717, 'MAP@20': 0.31968189567637284, 'MAP@10': 0.26418242458472196, 'MAP@5': 0.19579742663500616, 'MRR@20': 0.5285791208887759, 'MRR@10': 0.5232146763759268, 'MRR@5': 0.5039677678115818, 'click_loss': 4.393575702872053, 'CV': '0.11236', 'CV_turn': '1.00000', 'ctr': 0.2078465616703252, 'len_tra': 4.26, 'R_tra': 0.8854263527155853, 'ifeat_feat': 0.7230046948356808, 'NX_0_click_loss': 1.386782423022434, 'NX_0_CV': '0.02967', 'NX_0_CV_turn': '0.32421', 'NX_0_ctr': 0.41680846921998943, 'NX_0_len_tra': 3.47, 'NX_0_R_tra': 1.4463253881933633, 'NX_0_ifeat_feat': 0.7896253602305475, 'NX_10_click_loss': array([0.58474374]), 'NX_10_CV': '0.03851', 'NX_10_CV_turn': '0.14600', 'NX_10_ctr': array([0.45219098]), 'NX_10_len_tra': 10.0, 'NX_10_R_tra': array([4.52190977]), 'NX_10_ifeat_feat': 0.8985}]
[I 230118 17:36:08 user_model_ensemble:83] 
    
[I 230118 17:36:08 user_model_ensemble:86] ============ Summarized results =============
[I 230118 17:36:08 user_model_ensemble:88] {}
