[I 230118 17:11:26 run_worldModel_ensemble:312] {
      "env": "KuaiRand-v0",
      "resume": false,
      "optimizer": "adam",
      "seed": 0,
      "bpr_weight": 0.5,
      "neg_K": 5,
      "n_models": 1,
      "is_softmax": false,
      "num_trajectory": 200,
      "force_length": 10,
      "top_rate": 0.8,
      "deterministic": true,
      "loss": "pointneg",
      "rankingK": [
        20,
        10,
        5
      ],
      "max_turn": 30,
      "is_all_item_ranking": false,
      "l2_reg_dnn": 0.1,
      "lambda_ab": 10,
      "epsilon": 0,
      "is_ucb": true,
      "dnn_activation": "relu",
      "feature_dim": 4,
      "entity_dim": 4,
      "user_model_name": "LinUCB",
      "dnn": [
        128,
        128
      ],
      "dnn_var": [],
      "batch_size": 4096,
      "epoch": 3,
      "cuda": 5,
      "tau": 0,
      "is_ab": false,
      "message": "UCB-leave6",
      "all_item_ranking": false,
      "yfeat": "is_click",
      "leave_threshold": 0.0,
      "num_leave_compute": 6,
      "is_userinfo": false,
      "is_binarize": true,
      "need_transform": false,
      "entropy_window": [
        1,
        2
      ],
      "rating_threshold": 1
    }
[I 230118 17:18:40 utils:50] Epoch: [-1], Info: [{'MAE': 0.49171014775322536, 'MSE': 0.24187398797635934, 'RMSE': 0.4918068604405182, 'Recall@20': 0.6845512059842538, 'Recall@10': 0.44043876560878775, 'Recall@5': 0.21616199296763636, 'Precision@20': 0.20088679537979806, 'Precision@10': 0.1982546974890007, 'Precision@5': 0.1965609275869613, 'NDCG@20': 0.40903563762337664, 'NDCG@10': 0.32172746677525, 'NDCG@5': 0.24153529709288515, 'HT@20': 0.9498577991686721, 'HT@10': 0.8255523955370816, 'HT@5': 0.608313279369941, 'MAP@20': 0.22955492867902644, 'MAP@10': 0.17547792862229147, 'MAP@5': 0.11679583130236534, 'MRR@20': 0.37932544084458764, 'MRR@10': 0.37023578599381907, 'MRR@5': 0.3410231167505079, 'click_loss': 4.514371559658928, 'CV': '0.08981', 'CV_turn': '1.00000', 'ctr': 0.21015797907684172, 'len_tra': 3.405, 'R_tra': 0.7155879187566461, 'ifeat_feat': 0.7077826725403817, 'NX_0_click_loss': 1.818637111183854, 'NX_0_CV': '0.02664', 'NX_0_CV_turn': '0.37269', 'NX_0_ctr': 0.24413501646118824, 'NX_0_len_tra': 2.71, 'NX_0_R_tra': 0.6616058946098201, 'NX_0_ifeat_feat': 0.8671586715867159, 'NX_10_click_loss': array([0.71086864]), 'NX_10_CV': '0.02783', 'NX_10_CV_turn': '0.10550', 'NX_10_ctr': array([0.21442065]), 'NX_10_len_tra': 10.0, 'NX_10_R_tra': array([2.14420647]), 'NX_10_ifeat_feat': 0.8715}]
[I 230118 17:28:44 utils:50] Epoch: [0], Info: [{'loss': 0.27262455604057984, 'MAE': 0.2395593099164198, 'MSE': 0.14904361760691504, 'RMSE': 0.38606167591061796, 'Recall@20': 0.73156225180208, 'Recall@10': 0.5152180470613985, 'Recall@5': 0.29868291851243733, 'Precision@20': 0.22990060095038614, 'Precision@10': 0.25428231118889616, 'Precision@5': 0.28560927586961277, 'NDCG@20': 0.4976029562943309, 'NDCG@10': 0.42719961141136004, 'NDCG@5': 0.3623712725279508, 'HT@20': 0.9690658499234304, 'HT@10': 0.8896084007875739, 'HT@5': 0.7408007000656311, 'MAP@20': 0.30710348957533506, 'MAP@10': 0.25172921961334227, 'MAP@5': 0.18491047479306438, 'MRR@20': 0.5145048656961242, 'MRR@10': 0.5086707781632449, 'MRR@5': 0.48859184715234816, 'click_loss': 4.299123808106934, 'CV': '0.09376', 'CV_turn': '1.00000', 'ctr': 0.398717984395382, 'len_tra': 3.555, 'R_tra': 1.417442434525583, 'ifeat_feat': 0.8551336146272855, 'NX_0_click_loss': 0.9920740127949917, 'NX_0_CV': '0.02796', 'NX_0_CV_turn': '0.21992', 'NX_0_ctr': 0.5442930774925532, 'NX_0_len_tra': 4.82, 'NX_0_R_tra': 2.623492633514106, 'NX_0_ifeat_feat': 0.7531120331950207, 'NX_10_click_loss': array([0.55558975]), 'NX_10_CV': '0.02901', 'NX_10_CV_turn': '0.11000', 'NX_10_ctr': array([0.54584092]), 'NX_10_len_tra': 10.0, 'NX_10_R_tra': array([5.45840921]), 'NX_10_ifeat_feat': 0.8495}]
[I 230118 17:39:10 utils:50] Epoch: [1], Info: [{'loss': 0.2629561200457249, 'MAE': 0.23860231466391554, 'MSE': 0.1492604586844576, 'RMSE': 0.38634241119045887, 'Recall@20': 0.73388150921776, 'Recall@10': 0.5208328057704473, 'Recall@5': 0.3032308498299979, 'Precision@20': 0.23069473790072526, 'Precision@10': 0.2560942171661927, 'Precision@5': 0.2874381973309998, 'NDCG@20': 0.5009017849922092, 'NDCG@10': 0.43145542189801456, 'NDCG@5': 0.36608211321164713, 'HT@20': 0.9703784729818421, 'HT@10': 0.894290089695909, 'HT@5': 0.7485889302122074, 'MAP@20': 0.3100064276347492, 'MAP@10': 0.25474284592534024, 'MAP@5': 0.1873098334624716, 'MRR@20': 0.5191266334257338, 'MRR@10': 0.513542120268237, 'MRR@5': 0.49384817326625835, 'click_loss': 4.345356774555791, 'CV': '0.09666', 'CV_turn': '1.00000', 'ctr': 0.2635413681196321, 'len_tra': 3.665, 'R_tra': 0.9658791141584515, 'ifeat_feat': 0.6971350613915416, 'NX_0_click_loss': 0.9140215406737314, 'NX_0_CV': '0.02809', 'NX_0_CV_turn': '0.19649', 'NX_0_ctr': 0.5295141214690415, 'NX_0_len_tra': 5.42, 'NX_0_R_tra': 2.869966538362205, 'NX_0_ifeat_feat': 0.7785977859778598, 'NX_10_click_loss': array([0.56622471]), 'NX_10_CV': '0.02954', 'NX_10_CV_turn': '0.11200', 'NX_10_ctr': array([0.53054744]), 'NX_10_len_tra': 10.0, 'NX_10_R_tra': array([5.30547438]), 'NX_10_ifeat_feat': 0.874}]
[I 230118 17:47:45 utils:50] Epoch: [2], Info: [{'loss': 0.25716687604017235, 'MAE': 0.2254386094473325, 'MSE': 0.15287042509818038, 'RMSE': 0.3909864768737921, 'Recall@20': 0.7442387514156232, 'Recall@10': 0.5336397381464386, 'Recall@5': 0.31531967321785465, 'Precision@20': 0.23429558534859452, 'Precision@10': 0.2620438027176159, 'Precision@5': 0.29569240866331215, 'NDCG@20': 0.5124554156739143, 'NDCG@10': 0.44391789550560923, 'NDCG@5': 0.3781050496632018, 'HT@20': 0.9747101290746008, 'HT@10': 0.9040472544301028, 'HT@5': 0.7609713410632247, 'MAP@20': 0.3208528700863216, 'MAP@10': 0.26503526985324927, 'MAP@5': 0.19630545017280418, 'MRR@20': 0.5286024305998951, 'MRR@10': 0.5234295923576324, 'MRR@5': 0.5039604754612546, 'click_loss': 4.391233539327462, 'CV': '0.12132', 'CV_turn': '1.00000', 'ctr': 0.19702535219283004, 'len_tra': 4.6, 'R_tra': 0.9063166200870182, 'ifeat_feat': 0.7, 'NX_0_click_loss': 1.1373905879589166, 'NX_0_CV': '0.02954', 'NX_0_CV_turn': '0.26603', 'NX_0_ctr': 0.46735938913421154, 'NX_0_len_tra': 4.21, 'NX_0_R_tra': 1.9675830282550306, 'NX_0_ifeat_feat': 0.7921615201900237, 'NX_10_click_loss': array([0.56805084]), 'NX_10_CV': '0.03429', 'NX_10_CV_turn': '0.13000', 'NX_10_ctr': array([0.47777311]), 'NX_10_len_tra': 10.0, 'NX_10_R_tra': array([4.77773107]), 'NX_10_ifeat_feat': 0.895}]
[I 230118 17:47:45 user_model_ensemble:83] 
    
[I 230118 17:47:45 user_model_ensemble:86] ============ Summarized results =============
[I 230118 17:47:45 user_model_ensemble:88] {}
