[I 230118 17:11:26 run_worldModel_ensemble:312] {
      "env": "KuaiRand-v0",
      "resume": false,
      "optimizer": "adam",
      "seed": 0,
      "bpr_weight": 0.5,
      "neg_K": 5,
      "n_models": 1,
      "is_softmax": false,
      "num_trajectory": 200,
      "force_length": 10,
      "top_rate": 0.8,
      "deterministic": true,
      "loss": "pointneg",
      "rankingK": [
        20,
        10,
        5
      ],
      "max_turn": 30,
      "is_all_item_ranking": false,
      "l2_reg_dnn": 0.1,
      "lambda_ab": 10,
      "epsilon": 0,
      "is_ucb": true,
      "dnn_activation": "relu",
      "feature_dim": 4,
      "entity_dim": 4,
      "user_model_name": "LinUCB",
      "dnn": [
        128,
        128
      ],
      "dnn_var": [],
      "batch_size": 4096,
      "epoch": 3,
      "cuda": 4,
      "tau": 0,
      "is_ab": false,
      "message": "UCB-leave5",
      "all_item_ranking": false,
      "yfeat": "is_click",
      "leave_threshold": 0.0,
      "num_leave_compute": 5,
      "is_userinfo": false,
      "is_binarize": true,
      "need_transform": false,
      "entropy_window": [
        1,
        2
      ],
      "rating_threshold": 1
    }
[I 230118 17:18:55 utils:50] Epoch: [-1], Info: [{'MAE': 0.49171014775322536, 'MSE': 0.24187398797635934, 'RMSE': 0.4918068604405182, 'Recall@20': 0.6845512059842538, 'Recall@10': 0.44043876560878775, 'Recall@5': 0.21616199296763636, 'Precision@20': 0.20088679537979806, 'Precision@10': 0.1982546974890007, 'Precision@5': 0.1965609275869613, 'NDCG@20': 0.40903563762337664, 'NDCG@10': 0.32172746677525, 'NDCG@5': 0.24153529709288515, 'HT@20': 0.9498577991686721, 'HT@10': 0.8255523955370816, 'HT@5': 0.608313279369941, 'MAP@20': 0.22955492867902644, 'MAP@10': 0.17547792862229147, 'MAP@5': 0.11679583130236534, 'MRR@20': 0.37932544084458764, 'MRR@10': 0.37023578599381907, 'MRR@5': 0.3410231167505079, 'click_loss': 4.517885717008083, 'CV': '0.09614', 'CV_turn': '1.00000', 'ctr': 0.20734634910584318, 'len_tra': 3.645, 'R_tra': 0.7557774424907984, 'ifeat_feat': 0.6995884773662552, 'NX_0_click_loss': 1.827965143491552, 'NX_0_CV': '0.02664', 'NX_0_CV_turn': '0.37546', 'NX_0_ctr': 0.2467213270919169, 'NX_0_len_tra': 2.69, 'NX_0_R_tra': 0.6636803698772564, 'NX_0_ifeat_feat': 0.8773234200743495, 'NX_10_click_loss': array([0.71063733]), 'NX_10_CV': '0.02783', 'NX_10_CV_turn': '0.10550', 'NX_10_ctr': array([0.21475669]), 'NX_10_len_tra': 10.0, 'NX_10_R_tra': array([2.14756694]), 'NX_10_ifeat_feat': 0.8715}]
[I 230118 17:29:00 utils:50] Epoch: [0], Info: [{'loss': 0.27254744238959727, 'MAE': 0.2399263369108657, 'MSE': 0.1487409585012338, 'RMSE': 0.3856694938690819, 'Recall@20': 0.7340167626111931, 'Recall@10': 0.5191362005499301, 'Recall@5': 0.3012577142365659, 'Precision@20': 0.23075392108072726, 'Precision@10': 0.25561729745496975, 'Precision@5': 0.28740538175453945, 'NDCG@20': 0.5004373837773385, 'NDCG@10': 0.43048139092359566, 'NDCG@5': 0.36541618589911234, 'HT@20': 0.9704222270837891, 'HT@10': 0.8917961058849267, 'HT@5': 0.7439947495077663, 'MAP@20': 0.30966684423255164, 'MAP@10': 0.2542815068662393, 'MAP@5': 0.18700595217279298, 'MRR@20': 0.5181148985745352, 'MRR@10': 0.5123576168599278, 'MRR@5': 0.49233646904398476, 'click_loss': 4.305345705566218, 'CV': '0.08862', 'CV_turn': '1.00000', 'ctr': 0.39490739150815424, 'len_tra': 3.36, 'R_tra': 1.3268888354673982, 'ifeat_feat': 0.8407738095238095, 'NX_0_click_loss': 1.0051811568762437, 'NX_0_CV': '0.02809', 'NX_0_CV_turn': '0.22280', 'NX_0_ctr': 0.5446646393424828, 'NX_0_len_tra': 4.78, 'NX_0_R_tra': 2.6034969760570674, 'NX_0_ifeat_feat': 0.75, 'NX_10_click_loss': array([0.56039995]), 'NX_10_CV': '0.02875', 'NX_10_CV_turn': '0.10900', 'NX_10_ctr': array([0.55284562]), 'NX_10_len_tra': 10.0, 'NX_10_R_tra': array([5.5284562]), 'NX_10_ifeat_feat': 0.8705}]
[I 230118 17:39:09 utils:50] Epoch: [1], Info: [{'loss': 0.2627045165539801, 'MAE': 0.23888179159963763, 'MSE': 0.1492501330698332, 'RMSE': 0.38632904766511306, 'Recall@20': 0.7339181185958129, 'Recall@10': 0.5218383848847378, 'Recall@5': 0.30498950041661926, 'Precision@20': 0.23073204402975378, 'Precision@10': 0.2567461532852038, 'Precision@5': 0.2884795449573398, 'NDCG@20': 0.5011784164524725, 'NDCG@10': 0.4321924903084498, 'NDCG@5': 0.3670447116261927, 'HT@20': 0.971078538612995, 'HT@10': 0.8947713848173267, 'HT@5': 0.7491139794355721, 'MAP@20': 0.3103657572268425, 'MAP@10': 0.2554180262486136, 'MAP@5': 0.18800711699725828, 'MRR@20': 0.5193947992030784, 'MRR@10': 0.5137937584426497, 'MRR@5': 0.4941019470575521, 'click_loss': 4.351765525432817, 'CV': '0.09099', 'CV_turn': '1.00000', 'ctr': 0.2695065616643515, 'len_tra': 3.45, 'R_tra': 0.9297976377420127, 'ifeat_feat': 0.7188405797101449, 'NX_0_click_loss': 0.9335415509048927, 'NX_0_CV': '0.02809', 'NX_0_CV_turn': '0.19944', 'NX_0_ctr': 0.5214170542809841, 'NX_0_len_tra': 5.34, 'NX_0_R_tra': 2.784367069860455, 'NX_0_ifeat_feat': 0.7631086142322098, 'NX_10_click_loss': array([0.57274463]), 'NX_10_CV': '0.02967', 'NX_10_CV_turn': '0.11250', 'NX_10_ctr': array([0.52338988]), 'NX_10_len_tra': 10.0, 'NX_10_R_tra': array([5.23389884]), 'NX_10_ifeat_feat': 0.859}]
[I 230118 17:47:54 utils:50] Epoch: [2], Info: [{'loss': 0.25771283165959363, 'MAE': 0.2304871322964229, 'MSE': 0.15169986678646002, 'RMSE': 0.3894866708713663, 'Recall@20': 0.7413846050539566, 'Recall@10': 0.5291209398420347, 'Recall@5': 0.31337540897498706, 'Precision@20': 0.23344894347591894, 'Precision@10': 0.2601011205911666, 'Precision@5': 0.2948698315467076, 'NDCG@20': 0.5100431994862961, 'NDCG@10': 0.4409796388655215, 'NDCG@5': 0.37685659543084615, 'HT@20': 0.9744476044629184, 'HT@10': 0.8997593524392912, 'HT@5': 0.7603150295340189, 'MAP@20': 0.3184580632059307, 'MAP@10': 0.26279568615084437, 'MAP@5': 0.19505472112325573, 'MRR@20': 0.5277043158422637, 'MRR@10': 0.522234393502186, 'MRR@5': 0.5032990592868233, 'click_loss': 4.403684631741049, 'CV': '0.11895', 'CV_turn': '1.00000', 'ctr': 0.1998889279163839, 'len_tra': 4.51, 'R_tra': 0.9014990649028914, 'ifeat_feat': 0.7128603104212861, 'NX_0_click_loss': 1.133746797996803, 'NX_0_CV': '0.02967', 'NX_0_CV_turn': '0.25832', 'NX_0_ctr': 0.45803085953504036, 'NX_0_len_tra': 4.355, 'NX_0_R_tra': 1.9947243932751006, 'NX_0_ifeat_feat': 0.8197474167623421, 'NX_10_click_loss': array([0.58866163]), 'NX_10_CV': '0.03534', 'NX_10_CV_turn': '0.13400', 'NX_10_ctr': array([0.45952023]), 'NX_10_len_tra': 10.0, 'NX_10_R_tra': array([4.5952023]), 'NX_10_ifeat_feat': 0.8955}]
[I 230118 17:47:54 user_model_ensemble:83] 
    
[I 230118 17:47:54 user_model_ensemble:86] ============ Summarized results =============
[I 230118 17:47:54 user_model_ensemble:88] {}
