[I 230118 17:11:26 run_worldModel_ensemble:312] {
      "env": "KuaiRand-v0",
      "resume": false,
      "optimizer": "adam",
      "seed": 0,
      "bpr_weight": 0.5,
      "neg_K": 5,
      "n_models": 1,
      "is_softmax": false,
      "num_trajectory": 200,
      "force_length": 10,
      "top_rate": 0.8,
      "deterministic": true,
      "loss": "pointneg",
      "rankingK": [
        20,
        10,
        5
      ],
      "max_turn": 30,
      "is_all_item_ranking": false,
      "l2_reg_dnn": 0.1,
      "lambda_ab": 10,
      "epsilon": 0,
      "is_ucb": true,
      "dnn_activation": "relu",
      "feature_dim": 4,
      "entity_dim": 4,
      "user_model_name": "LinUCB",
      "dnn": [
        128,
        128
      ],
      "dnn_var": [],
      "batch_size": 4096,
      "epoch": 3,
      "cuda": 0,
      "tau": 0,
      "is_ab": false,
      "message": "UCB-leave1",
      "all_item_ranking": false,
      "yfeat": "is_click",
      "leave_threshold": 0.0,
      "num_leave_compute": 1,
      "is_userinfo": false,
      "is_binarize": true,
      "need_transform": false,
      "entropy_window": [
        1,
        2
      ],
      "rating_threshold": 1
    }
[I 230118 17:19:12 utils:50] Epoch: [-1], Info: [{'MAE': 0.49171014775322536, 'MSE': 0.24187398797635934, 'RMSE': 0.4918068604405182, 'Recall@20': 0.6845512059842538, 'Recall@10': 0.44043876560878775, 'Recall@5': 0.21616199296763636, 'Precision@20': 0.20088679537979806, 'Precision@10': 0.1982546974890007, 'Precision@5': 0.1965609275869613, 'NDCG@20': 0.40903563762337664, 'NDCG@10': 0.32172746677525, 'NDCG@5': 0.24153529709288515, 'HT@20': 0.9498577991686721, 'HT@10': 0.8255523955370816, 'HT@5': 0.608313279369941, 'MAP@20': 0.22955492867902644, 'MAP@10': 0.17547792862229147, 'MAP@5': 0.11679583130236534, 'MRR@20': 0.37932544084458764, 'MRR@10': 0.37023578599381907, 'MRR@5': 0.3410231167505079, 'click_loss': 4.5166327197482, 'CV': '0.15152', 'CV_turn': '1.00000', 'ctr': 0.214621296390977, 'len_tra': 5.745, 'R_tra': 1.232999347766163, 'ifeat_feat': 0.6988685813751088, 'NX_0_click_loss': 1.7784388332749992, 'NX_0_CV': '0.02664', 'NX_0_CV_turn': '0.36331', 'NX_0_ctr': 0.2493036205021048, 'NX_0_len_tra': 2.78, 'NX_0_R_tra': 0.6930640649958514, 'NX_0_ifeat_feat': 0.8902877697841727, 'NX_10_click_loss': array([0.71368389]), 'NX_10_CV': '0.02783', 'NX_10_CV_turn': '0.10550', 'NX_10_ctr': array([0.21272671]), 'NX_10_len_tra': 10.0, 'NX_10_R_tra': array([2.12726708]), 'NX_10_ifeat_feat': 0.8725}]
[I 230118 17:29:47 utils:50] Epoch: [0], Info: [{'loss': 0.27257037947140594, 'MAE': 0.24055528273661256, 'MSE': 0.1487966096987451, 'RMSE': 0.3857416359413968, 'Recall@20': 0.7336470354313396, 'Recall@10': 0.5175975512087398, 'Recall@5': 0.30090807694160626, 'Precision@20': 0.2306728608497517, 'Precision@10': 0.2552098981501738, 'Precision@5': 0.2870903522205207, 'NDCG@20': 0.4997611728924139, 'NDCG@10': 0.4292828557676216, 'NDCG@5': 0.36446968519544864, 'HT@20': 0.9700721942682127, 'HT@10': 0.8908335156420915, 'HT@5': 0.7427696346532487, 'MAP@20': 0.30916926620925944, 'MAP@10': 0.2536023845997641, 'MAP@5': 0.1866742011838079, 'MRR@20': 0.5163873313994729, 'MRR@10': 0.5105637160428385, 'MRR@5': 0.4905403631590588, 'click_loss': 4.2986310672087304, 'CV': '0.13240', 'CV_turn': '1.00000', 'ctr': 0.37112866938429556, 'len_tra': 5.02, 'R_tra': 1.8630659203091637, 'ifeat_feat': 0.8137450199203188, 'NX_0_click_loss': 0.7606557286460445, 'NX_0_CV': '0.02914', 'NX_0_CV_turn': '0.16679', 'NX_0_ctr': 0.5406068412312921, 'NX_0_len_tra': 6.625, 'NX_0_R_tra': 3.5815203231573105, 'NX_0_ifeat_feat': 0.8060377358490566, 'NX_10_click_loss': array([0.55898918]), 'NX_10_CV': '0.02914', 'NX_10_CV_turn': '0.11050', 'NX_10_ctr': array([0.53439899]), 'NX_10_len_tra': 10.0, 'NX_10_R_tra': array([5.3439899]), 'NX_10_ifeat_feat': 0.8795}]
[I 230118 17:40:01 utils:50] Epoch: [1], Info: [{'loss': 0.2626103435556446, 'MAE': 0.23683608639104253, 'MSE': 0.14947333382880557, 'RMSE': 0.38661781364650744, 'Recall@20': 0.7351066051798041, 'Recall@10': 0.5237212527971549, 'Recall@5': 0.30609831171828134, 'Precision@20': 0.2309703887429917, 'Precision@10': 0.2574943484284985, 'Precision@5': 0.28984467293808797, 'NDCG@20': 0.5023821716733119, 'NDCG@10': 0.4338488621672466, 'NDCG@5': 0.36889392017823025, 'HT@20': 0.971822358346095, 'HT@10': 0.8955152045504267, 'HT@5': 0.7503390942900897, 'MAP@20': 0.31139213647817715, 'MAP@10': 0.2565021767008713, 'MAP@5': 0.18904494772145344, 'MRR@20': 0.5207563873971184, 'MRR@10': 0.5151613345695787, 'MRR@5': 0.4954831182090141, 'click_loss': 4.344724277900282, 'CV': '0.14216', 'CV_turn': '1.00000', 'ctr': 0.23101764878129383, 'len_tra': 5.39, 'R_tra': 1.2451851269311738, 'ifeat_feat': 0.6966604823747681, 'NX_0_click_loss': 0.9286738336654788, 'NX_0_CV': '0.02967', 'NX_0_CV_turn': '0.20969', 'NX_0_ctr': 0.5203380032819206, 'NX_0_len_tra': 5.365, 'NX_0_R_tra': 2.7916133876075038, 'NX_0_ifeat_feat': 0.7781919850885368, 'NX_10_click_loss': array([0.56997115]), 'NX_10_CV': '0.03007', 'NX_10_CV_turn': '0.11400', 'NX_10_ctr': array([0.50973449]), 'NX_10_len_tra': 10.0, 'NX_10_R_tra': array([5.09734488]), 'NX_10_ifeat_feat': 0.8525}]
[I 230118 17:48:08 utils:50] Epoch: [2], Info: [{'loss': 0.2561971065623481, 'MAE': 0.22707316382591552, 'MSE': 0.15265356674984076, 'RMSE': 0.3907090563959847, 'Recall@20': 0.7437560729203258, 'Recall@10': 0.5331814136710039, 'Recall@5': 0.316816705206465, 'Precision@20': 0.23423651731096598, 'Precision@10': 0.26224507158657234, 'Precision@5': 0.2962787136294028, 'NDCG@20': 0.5125256509299584, 'NDCG@10': 0.4442079128621955, 'NDCG@5': 0.3790786734707688, 'HT@20': 0.9746226208707066, 'HT@10': 0.9032159264931088, 'HT@5': 0.7649529643404069, 'MAP@20': 0.32097678636567045, 'MAP@10': 0.2654630653735216, 'MAP@5': 0.1967737139872183, 'MRR@20': 0.5289119928008871, 'MRR@10': 0.5236533112479465, 'MRR@5': 0.5048603514913003, 'click_loss': 4.366786798273404, 'CV': '0.17460', 'CV_turn': '1.00000', 'ctr': 0.17011271219375595, 'len_tra': 6.62, 'R_tra': 1.1261461547226645, 'ifeat_feat': 0.6729607250755287, 'NX_0_click_loss': 1.0342753054438172, 'NX_0_CV': '0.03099', 'NX_0_CV_turn': '0.24505', 'NX_0_ctr': 0.4569146106353688, 'NX_0_len_tra': 4.795, 'NX_0_R_tra': 2.1909055579965933, 'NX_0_ifeat_feat': 0.8321167883211679, 'NX_10_click_loss': array([0.57988443]), 'NX_10_CV': '0.03600', 'NX_10_CV_turn': '0.13650', 'NX_10_ctr': array([0.45476517]), 'NX_10_len_tra': 10.0, 'NX_10_R_tra': array([4.5476517]), 'NX_10_ifeat_feat': 0.89}]
[I 230118 17:48:08 user_model_ensemble:83] 
    
[I 230118 17:48:08 user_model_ensemble:86] ============ Summarized results =============
[I 230118 17:48:08 user_model_ensemble:88] {}
