[I 230118 17:13:39 run_worldModel_ensemble:312] {
      "env": "KuaiEnv-v0",
      "resume": false,
      "optimizer": "adam",
      "seed": 0,
      "bpr_weight": 0.5,
      "neg_K": 3,
      "n_models": 1,
      "is_softmax": false,
      "num_trajectory": 200,
      "force_length": 10,
      "top_rate": 0.8,
      "deterministic": true,
      "loss": "pointneg",
      "rankingK": [
        20,
        10,
        5
      ],
      "max_turn": 30,
      "is_all_item_ranking": false,
      "l2_reg_dnn": 0.1,
      "lambda_ab": 10,
      "epsilon": 0.3,
      "is_ucb": false,
      "dnn_activation": "relu",
      "feature_dim": 8,
      "entity_dim": 8,
      "user_model_name": "EpsilonGreedy",
      "dnn": [
        128,
        128
      ],
      "dnn_var": [],
      "batch_size": 4096,
      "epoch": 3,
      "cuda": 7,
      "tau": 0,
      "is_ab": false,
      "message": "epsilon-greedy-leave2",
      "all_item_ranking": false,
      "leave_threshold": 0.0,
      "num_leave_compute": 2,
      "is_userinfo": false,
      "is_binarize": false,
      "need_transform": true,
      "entropy_window": [
        1,
        2
      ],
      "yfeat": "watch_ratio_normed",
      "use_userEmbedding": false
    }
[I 230118 17:19:35 utils:50] Epoch: [-1], Info: [{'MAE': 0.2885590566513167, 'MSE': 0.3416665787068236, 'RMSE': 0.5845225219842463, 'click_loss': 0.5818591211586878, 'CV': '0.04839', 'CV_turn': '0.32136', 'ctr': 0.5751907487824588, 'len_tra': 2.505, 'R_tra': 1.4408528257000592, 'ifeat_feat': 0.9540918163672655, 'NX_0_click_loss': 0.4884149488759366, 'NX_0_CV': '0.04088', 'NX_0_CV_turn': '0.27926', 'NX_0_ctr': 0.48175049443138984, 'NX_0_len_tra': 2.435, 'NX_0_R_tra': 1.1730624539404344, 'NX_0_ifeat_feat': 0.9507186858316222, 'NX_10_click_loss': array([0.71427918]), 'NX_10_CV': '0.16772', 'NX_10_CV_turn': '0.27900', 'NX_10_ctr': array([0.70754714]), 'NX_10_len_tra': 10.0, 'NX_10_R_tra': array([7.07547145]), 'NX_10_ifeat_feat': 0.9465}]
[I 230118 17:35:06 utils:50] Epoch: [0], Info: [{'loss': 0.6067486752819027, 'MAE': 0.2845898935778179, 'MSE': 0.3358101689798173, 'RMSE': 0.5794913019017778, 'click_loss': 0.601300649675571, 'CV': '0.04839', 'CV_turn': '0.30206', 'ctr': 0.6252109325204797, 'len_tra': 2.665, 'R_tra': 1.6661871351670783, 'ifeat_feat': 0.949343339587242, 'NX_0_click_loss': 0.6925263536005004, 'NX_0_CV': '0.09348', 'NX_0_CV_turn': '0.34749', 'NX_0_ctr': 0.7488821321275203, 'NX_0_len_tra': 4.475, 'NX_0_R_tra': 3.3512475412706535, 'NX_0_ifeat_feat': 0.9150837988826815, 'NX_10_click_loss': array([0.70662153]), 'NX_10_CV': '0.19417', 'NX_10_CV_turn': '0.32300', 'NX_10_ctr': array([0.75566684]), 'NX_10_len_tra': 10.0, 'NX_10_R_tra': array([7.55666845]), 'NX_10_ifeat_feat': 0.904}]
[I 230118 17:48:02 utils:50] Epoch: [1], Info: [{'loss': 0.603280117847329, 'MAE': 0.2813247411381339, 'MSE': 0.33490524589025733, 'RMSE': 0.5787099842669533, 'click_loss': 0.850696137909508, 'CV': '0.06162', 'CV_turn': '0.37823', 'ctr': 0.9295141542067684, 'len_tra': 2.71, 'R_tra': 2.5189833579003427, 'ifeat_feat': 0.8856088560885609, 'NX_0_click_loss': 0.8566151447133613, 'NX_0_CV': '0.10430', 'NX_0_CV_turn': '0.41017', 'NX_0_ctr': 0.933074894727516, 'NX_0_len_tra': 4.23, 'NX_0_R_tra': 3.946906804697393, 'NX_0_ifeat_feat': 0.8486997635933806, 'NX_10_click_loss': array([0.82096072]), 'NX_10_CV': '0.21280', 'NX_10_CV_turn': '0.35400', 'NX_10_ctr': array([0.89940388]), 'NX_10_len_tra': 10.0, 'NX_10_R_tra': array([8.99403876]), 'NX_10_ifeat_feat': 0.823}]
[I 230118 17:56:18 utils:50] Epoch: [2], Info: [{'loss': 0.6017344466673097, 'MAE': 0.28229795430954857, 'MSE': 0.3354090053813732, 'RMSE': 0.5791450641949504, 'click_loss': 0.6876578495007999, 'CV': '0.05711', 'CV_turn': '0.35782', 'ctr': 0.7607198881785765, 'len_tra': 2.655, 'R_tra': 2.0197113031141205, 'ifeat_feat': 0.7495291902071564, 'NX_0_click_loss': 0.7155613768279478, 'NX_0_CV': '0.12203', 'NX_0_CV_turn': '0.43939', 'NX_0_ctr': 0.7880929815899048, 'NX_0_len_tra': 4.62, 'NX_0_R_tra': 3.64098957494536, 'NX_0_ifeat_feat': 0.7510822510822511, 'NX_10_click_loss': array([0.72613732]), 'NX_10_CV': '0.22934', 'NX_10_CV_turn': '0.38150', 'NX_10_ctr': array([0.80735171]), 'NX_10_len_tra': 10.0, 'NX_10_R_tra': array([8.07351708]), 'NX_10_ifeat_feat': 0.752}]
[I 230118 17:56:18 user_model_ensemble:83] 
    
[I 230118 17:56:18 user_model_ensemble:86] ============ Summarized results =============
[I 230118 17:56:18 user_model_ensemble:88] {}
